2020-10-16 14:58:33,588 [main] INFO SpringBootTestContextBootstrapper - Neither @ContextConfiguration nor @ContextHierarchy found for test class [com.study.middleware.server.config.RedisConfigTest], using SpringBootContextLoader
2020-10-16 14:58:33,595 [main] INFO AbstractContextLoader - Could not detect default resource locations for test class [com.study.middleware.server.config.RedisConfigTest]: no resource found for suffixes {-context.xml, Context.groovy}.
2020-10-16 14:58:33,595 [main] INFO AnnotationConfigContextLoaderUtils - Could not detect default configuration classes for test class [com.study.middleware.server.config.RedisConfigTest]: RedisConfigTest does not declare any static, non-private, non-final, nested classes annotated with @Configuration.
2020-10-16 14:58:33,716 [main] INFO SpringBootTestContextBootstrapper - Found @SpringBootConfiguration com.study.middleware.server.MainApplication for test class com.study.middleware.server.config.RedisConfigTest
2020-10-16 14:58:33,826 [main] INFO SpringBootTestContextBootstrapper - Loaded default TestExecutionListener class names from location [META-INF/spring.factories]: [org.springframework.boot.test.mock.mockito.MockitoTestExecutionListener, org.springframework.boot.test.mock.mockito.ResetMocksTestExecutionListener, org.springframework.boot.test.autoconfigure.restdocs.RestDocsTestExecutionListener, org.springframework.boot.test.autoconfigure.web.client.MockRestServiceServerResetTestExecutionListener, org.springframework.boot.test.autoconfigure.web.servlet.MockMvcPrintOnlyOnFailureTestExecutionListener, org.springframework.boot.test.autoconfigure.web.servlet.WebDriverTestExecutionListener, org.springframework.boot.test.autoconfigure.webservices.client.MockWebServiceServerTestExecutionListener, org.springframework.test.context.web.ServletTestExecutionListener, org.springframework.test.context.support.DirtiesContextBeforeModesTestExecutionListener, org.springframework.test.context.support.DependencyInjectionTestExecutionListener, org.springframework.test.context.support.DirtiesContextTestExecutionListener, org.springframework.test.context.transaction.TransactionalTestExecutionListener, org.springframework.test.context.jdbc.SqlScriptsTestExecutionListener, org.springframework.test.context.event.EventPublishingTestExecutionListener]
2020-10-16 14:58:33,843 [main] INFO SpringBootTestContextBootstrapper - Using TestExecutionListeners: [org.springframework.test.context.web.ServletTestExecutionListener@4b86805d, org.springframework.test.context.support.DirtiesContextBeforeModesTestExecutionListener@5852c06f, org.springframework.boot.test.mock.mockito.MockitoTestExecutionListener@4149c063, org.springframework.boot.test.autoconfigure.SpringBootDependencyInjectionTestExecutionListener@9cb8225, org.springframework.test.context.support.DirtiesContextTestExecutionListener@76b07f29, org.springframework.test.context.transaction.TransactionalTestExecutionListener@38af9828, org.springframework.test.context.jdbc.SqlScriptsTestExecutionListener@376a0d86, org.springframework.test.context.event.EventPublishingTestExecutionListener@62656be4, org.springframework.boot.test.mock.mockito.ResetMocksTestExecutionListener@17d919b6, org.springframework.boot.test.autoconfigure.restdocs.RestDocsTestExecutionListener@53f3bdbd, org.springframework.boot.test.autoconfigure.web.client.MockRestServiceServerResetTestExecutionListener@34129c78, org.springframework.boot.test.autoconfigure.web.servlet.MockMvcPrintOnlyOnFailureTestExecutionListener@7d61eb55, org.springframework.boot.test.autoconfigure.web.servlet.WebDriverTestExecutionListener@222a59e6, org.springframework.boot.test.autoconfigure.webservices.client.MockWebServiceServerTestExecutionListener@6c7a164b]
2020-10-16 14:58:34,158 [main] INFO RedisConfigTest - Starting RedisConfigTest on DESKTOP-HE3N4PT with PID 12168 (started by Puppy_x in E:\Java\middleware\server)
2020-10-16 14:58:34,158 [main] DEBUG RedisConfigTest - Running with Spring Boot v2.3.4.RELEASE, Spring v5.2.9.RELEASE
2020-10-16 14:58:34,158 [main] INFO RedisConfigTest - No active profile set, falling back to default profiles: default
2020-10-16 14:58:34,858 [main] INFO RepositoryConfigurationDelegate - Multiple Spring Data modules found, entering strict repository configuration mode!
2020-10-16 14:58:34,862 [main] INFO RepositoryConfigurationDelegate - Bootstrapping Spring Data Redis repositories in DEFAULT mode.
2020-10-16 14:58:34,886 [main] INFO RepositoryConfigurationDelegate - Finished Spring Data repository scanning in 6ms. Found 0 Redis repository interfaces.
2020-10-16 14:58:35,008 [main] WARN ClassPathMapperScanner - No MyBatis mapper was found in '[com.study.middleware.server]' package. Please check your configuration.
2020-10-16 14:58:36,133 [main] INFO ThreadPoolTaskExecutor - Initializing ExecutorService 'applicationTaskExecutor'
2020-10-16 14:58:36,704 [main] INFO RedisConfigTest - Started RedisConfigTest in 2.82 seconds (JVM running for 4.174)
2020-10-16 14:58:36,931 [main] INFO RedisConfigTest - Start
2020-10-16 14:58:40,606 [SpringContextShutdownHook] INFO ThreadPoolTaskExecutor - Shutting down ExecutorService 'applicationTaskExecutor'
2020-10-16 15:03:10,020 [main] INFO SpringBootTestContextBootstrapper - Neither @ContextConfiguration nor @ContextHierarchy found for test class [com.study.middleware.server.config.RedisConfigTest], using SpringBootContextLoader
2020-10-16 15:03:10,026 [main] INFO AbstractContextLoader - Could not detect default resource locations for test class [com.study.middleware.server.config.RedisConfigTest]: no resource found for suffixes {-context.xml, Context.groovy}.
2020-10-16 15:03:10,027 [main] INFO AnnotationConfigContextLoaderUtils - Could not detect default configuration classes for test class [com.study.middleware.server.config.RedisConfigTest]: RedisConfigTest does not declare any static, non-private, non-final, nested classes annotated with @Configuration.
2020-10-16 15:03:10,125 [main] INFO SpringBootTestContextBootstrapper - Found @SpringBootConfiguration com.study.middleware.server.MainApplication for test class com.study.middleware.server.config.RedisConfigTest
2020-10-16 15:03:10,230 [main] INFO SpringBootTestContextBootstrapper - Loaded default TestExecutionListener class names from location [META-INF/spring.factories]: [org.springframework.boot.test.mock.mockito.MockitoTestExecutionListener, org.springframework.boot.test.mock.mockito.ResetMocksTestExecutionListener, org.springframework.boot.test.autoconfigure.restdocs.RestDocsTestExecutionListener, org.springframework.boot.test.autoconfigure.web.client.MockRestServiceServerResetTestExecutionListener, org.springframework.boot.test.autoconfigure.web.servlet.MockMvcPrintOnlyOnFailureTestExecutionListener, org.springframework.boot.test.autoconfigure.web.servlet.WebDriverTestExecutionListener, org.springframework.boot.test.autoconfigure.webservices.client.MockWebServiceServerTestExecutionListener, org.springframework.test.context.web.ServletTestExecutionListener, org.springframework.test.context.support.DirtiesContextBeforeModesTestExecutionListener, org.springframework.test.context.support.DependencyInjectionTestExecutionListener, org.springframework.test.context.support.DirtiesContextTestExecutionListener, org.springframework.test.context.transaction.TransactionalTestExecutionListener, org.springframework.test.context.jdbc.SqlScriptsTestExecutionListener, org.springframework.test.context.event.EventPublishingTestExecutionListener]
2020-10-16 15:03:10,243 [main] INFO SpringBootTestContextBootstrapper - Using TestExecutionListeners: [org.springframework.test.context.web.ServletTestExecutionListener@238d68ff, org.springframework.test.context.support.DirtiesContextBeforeModesTestExecutionListener@4b86805d, org.springframework.boot.test.mock.mockito.MockitoTestExecutionListener@5852c06f, org.springframework.boot.test.autoconfigure.SpringBootDependencyInjectionTestExecutionListener@4149c063, org.springframework.test.context.support.DirtiesContextTestExecutionListener@9cb8225, org.springframework.test.context.transaction.TransactionalTestExecutionListener@76b07f29, org.springframework.test.context.jdbc.SqlScriptsTestExecutionListener@38af9828, org.springframework.test.context.event.EventPublishingTestExecutionListener@376a0d86, org.springframework.boot.test.mock.mockito.ResetMocksTestExecutionListener@62656be4, org.springframework.boot.test.autoconfigure.restdocs.RestDocsTestExecutionListener@17d919b6, org.springframework.boot.test.autoconfigure.web.client.MockRestServiceServerResetTestExecutionListener@53f3bdbd, org.springframework.boot.test.autoconfigure.web.servlet.MockMvcPrintOnlyOnFailureTestExecutionListener@34129c78, org.springframework.boot.test.autoconfigure.web.servlet.WebDriverTestExecutionListener@7d61eb55, org.springframework.boot.test.autoconfigure.webservices.client.MockWebServiceServerTestExecutionListener@222a59e6]
2020-10-16 15:03:10,510 [main] INFO RedisConfigTest - Starting RedisConfigTest on DESKTOP-HE3N4PT with PID 5280 (started by Puppy_x in E:\Java\middleware\server)
2020-10-16 15:03:10,510 [main] DEBUG RedisConfigTest - Running with Spring Boot v2.3.4.RELEASE, Spring v5.2.9.RELEASE
2020-10-16 15:03:10,511 [main] INFO RedisConfigTest - No active profile set, falling back to default profiles: default
2020-10-16 15:03:10,929 [main] INFO RepositoryConfigurationDelegate - Multiple Spring Data modules found, entering strict repository configuration mode!
2020-10-16 15:03:10,930 [main] INFO RepositoryConfigurationDelegate - Bootstrapping Spring Data Redis repositories in DEFAULT mode.
2020-10-16 15:03:10,948 [main] INFO RepositoryConfigurationDelegate - Finished Spring Data repository scanning in 5ms. Found 0 Redis repository interfaces.
2020-10-16 15:03:11,035 [main] WARN ClassPathMapperScanner - No MyBatis mapper was found in '[com.study.middleware.server]' package. Please check your configuration.
2020-10-16 15:03:11,947 [main] INFO ThreadPoolTaskExecutor - Initializing ExecutorService 'applicationTaskExecutor'
2020-10-16 15:03:12,474 [main] INFO RedisConfigTest - Started RedisConfigTest in 2.199 seconds (JVM running for 3.589)
2020-10-16 15:03:12,631 [main] INFO RedisConfigTest - Start
2020-10-16 15:03:14,281 [main] INFO RedisConfigTest - sssss
2020-10-16 15:03:14,296 [SpringContextShutdownHook] INFO ThreadPoolTaskExecutor - Shutting down ExecutorService 'applicationTaskExecutor'
2020-10-16 15:09:04,854 [main] INFO SpringBootTestContextBootstrapper - Neither @ContextConfiguration nor @ContextHierarchy found for test class [com.study.middleware.server.config.RedisConfigTest], using SpringBootContextLoader
2020-10-16 15:09:04,861 [main] INFO AbstractContextLoader - Could not detect default resource locations for test class [com.study.middleware.server.config.RedisConfigTest]: no resource found for suffixes {-context.xml, Context.groovy}.
2020-10-16 15:09:04,862 [main] INFO AnnotationConfigContextLoaderUtils - Could not detect default configuration classes for test class [com.study.middleware.server.config.RedisConfigTest]: RedisConfigTest does not declare any static, non-private, non-final, nested classes annotated with @Configuration.
2020-10-16 15:09:04,963 [main] INFO SpringBootTestContextBootstrapper - Found @SpringBootConfiguration com.study.middleware.server.MainApplication for test class com.study.middleware.server.config.RedisConfigTest
2020-10-16 15:09:05,056 [main] INFO SpringBootTestContextBootstrapper - Loaded default TestExecutionListener class names from location [META-INF/spring.factories]: [org.springframework.boot.test.mock.mockito.MockitoTestExecutionListener, org.springframework.boot.test.mock.mockito.ResetMocksTestExecutionListener, org.springframework.boot.test.autoconfigure.restdocs.RestDocsTestExecutionListener, org.springframework.boot.test.autoconfigure.web.client.MockRestServiceServerResetTestExecutionListener, org.springframework.boot.test.autoconfigure.web.servlet.MockMvcPrintOnlyOnFailureTestExecutionListener, org.springframework.boot.test.autoconfigure.web.servlet.WebDriverTestExecutionListener, org.springframework.boot.test.autoconfigure.webservices.client.MockWebServiceServerTestExecutionListener, org.springframework.test.context.web.ServletTestExecutionListener, org.springframework.test.context.support.DirtiesContextBeforeModesTestExecutionListener, org.springframework.test.context.support.DependencyInjectionTestExecutionListener, org.springframework.test.context.support.DirtiesContextTestExecutionListener, org.springframework.test.context.transaction.TransactionalTestExecutionListener, org.springframework.test.context.jdbc.SqlScriptsTestExecutionListener, org.springframework.test.context.event.EventPublishingTestExecutionListener]
2020-10-16 15:09:05,068 [main] INFO SpringBootTestContextBootstrapper - Using TestExecutionListeners: [org.springframework.test.context.web.ServletTestExecutionListener@4149c063, org.springframework.test.context.support.DirtiesContextBeforeModesTestExecutionListener@9cb8225, org.springframework.boot.test.mock.mockito.MockitoTestExecutionListener@76b07f29, org.springframework.boot.test.autoconfigure.SpringBootDependencyInjectionTestExecutionListener@38af9828, org.springframework.test.context.support.DirtiesContextTestExecutionListener@376a0d86, org.springframework.test.context.transaction.TransactionalTestExecutionListener@62656be4, org.springframework.test.context.jdbc.SqlScriptsTestExecutionListener@17d919b6, org.springframework.test.context.event.EventPublishingTestExecutionListener@53f3bdbd, org.springframework.boot.test.mock.mockito.ResetMocksTestExecutionListener@34129c78, org.springframework.boot.test.autoconfigure.restdocs.RestDocsTestExecutionListener@7d61eb55, org.springframework.boot.test.autoconfigure.web.client.MockRestServiceServerResetTestExecutionListener@222a59e6, org.springframework.boot.test.autoconfigure.web.servlet.MockMvcPrintOnlyOnFailureTestExecutionListener@6c7a164b, org.springframework.boot.test.autoconfigure.web.servlet.WebDriverTestExecutionListener@4c2bb6e0, org.springframework.boot.test.autoconfigure.webservices.client.MockWebServiceServerTestExecutionListener@3e62d773]
2020-10-16 15:09:05,367 [main] INFO RedisConfigTest - Starting RedisConfigTest on DESKTOP-HE3N4PT with PID 7656 (started by Puppy_x in E:\Java\middleware\server)
2020-10-16 15:09:05,368 [main] DEBUG RedisConfigTest - Running with Spring Boot v2.3.4.RELEASE, Spring v5.2.9.RELEASE
2020-10-16 15:09:05,368 [main] INFO RedisConfigTest - No active profile set, falling back to default profiles: default
2020-10-16 15:09:05,853 [main] INFO RepositoryConfigurationDelegate - Multiple Spring Data modules found, entering strict repository configuration mode!
2020-10-16 15:09:05,855 [main] INFO RepositoryConfigurationDelegate - Bootstrapping Spring Data Redis repositories in DEFAULT mode.
2020-10-16 15:09:05,872 [main] INFO RepositoryConfigurationDelegate - Finished Spring Data repository scanning in 5ms. Found 0 Redis repository interfaces.
2020-10-16 15:09:05,957 [main] WARN ClassPathMapperScanner - No MyBatis mapper was found in '[com.study.middleware.server]' package. Please check your configuration.
2020-10-16 15:09:06,927 [main] INFO ThreadPoolTaskExecutor - Initializing ExecutorService 'applicationTaskExecutor'
2020-10-16 15:09:07,516 [main] INFO RedisConfigTest - Started RedisConfigTest in 2.408 seconds (JVM running for 3.472)
2020-10-16 15:09:07,685 [main] INFO RedisConfigTest - Start
2020-10-16 15:09:09,672 [main] INFO RedisConfigTest - sssss
2020-10-16 15:09:09,685 [SpringContextShutdownHook] INFO ThreadPoolTaskExecutor - Shutting down ExecutorService 'applicationTaskExecutor'
2020-10-16 15:09:45,241 [main] INFO SpringBootTestContextBootstrapper - Neither @ContextConfiguration nor @ContextHierarchy found for test class [com.study.middleware.server.config.RedisConfigTest], using SpringBootContextLoader
2020-10-16 15:09:45,246 [main] INFO AbstractContextLoader - Could not detect default resource locations for test class [com.study.middleware.server.config.RedisConfigTest]: no resource found for suffixes {-context.xml, Context.groovy}.
2020-10-16 15:09:45,247 [main] INFO AnnotationConfigContextLoaderUtils - Could not detect default configuration classes for test class [com.study.middleware.server.config.RedisConfigTest]: RedisConfigTest does not declare any static, non-private, non-final, nested classes annotated with @Configuration.
2020-10-16 15:09:45,364 [main] INFO SpringBootTestContextBootstrapper - Found @SpringBootConfiguration com.study.middleware.server.MainApplication for test class com.study.middleware.server.config.RedisConfigTest
2020-10-16 15:09:45,472 [main] INFO SpringBootTestContextBootstrapper - Loaded default TestExecutionListener class names from location [META-INF/spring.factories]: [org.springframework.boot.test.mock.mockito.MockitoTestExecutionListener, org.springframework.boot.test.mock.mockito.ResetMocksTestExecutionListener, org.springframework.boot.test.autoconfigure.restdocs.RestDocsTestExecutionListener, org.springframework.boot.test.autoconfigure.web.client.MockRestServiceServerResetTestExecutionListener, org.springframework.boot.test.autoconfigure.web.servlet.MockMvcPrintOnlyOnFailureTestExecutionListener, org.springframework.boot.test.autoconfigure.web.servlet.WebDriverTestExecutionListener, org.springframework.boot.test.autoconfigure.webservices.client.MockWebServiceServerTestExecutionListener, org.springframework.test.context.web.ServletTestExecutionListener, org.springframework.test.context.support.DirtiesContextBeforeModesTestExecutionListener, org.springframework.test.context.support.DependencyInjectionTestExecutionListener, org.springframework.test.context.support.DirtiesContextTestExecutionListener, org.springframework.test.context.transaction.TransactionalTestExecutionListener, org.springframework.test.context.jdbc.SqlScriptsTestExecutionListener, org.springframework.test.context.event.EventPublishingTestExecutionListener]
2020-10-16 15:09:45,488 [main] INFO SpringBootTestContextBootstrapper - Using TestExecutionListeners: [org.springframework.test.context.web.ServletTestExecutionListener@4149c063, org.springframework.test.context.support.DirtiesContextBeforeModesTestExecutionListener@9cb8225, org.springframework.boot.test.mock.mockito.MockitoTestExecutionListener@76b07f29, org.springframework.boot.test.autoconfigure.SpringBootDependencyInjectionTestExecutionListener@38af9828, org.springframework.test.context.support.DirtiesContextTestExecutionListener@376a0d86, org.springframework.test.context.transaction.TransactionalTestExecutionListener@62656be4, org.springframework.test.context.jdbc.SqlScriptsTestExecutionListener@17d919b6, org.springframework.test.context.event.EventPublishingTestExecutionListener@53f3bdbd, org.springframework.boot.test.mock.mockito.ResetMocksTestExecutionListener@34129c78, org.springframework.boot.test.autoconfigure.restdocs.RestDocsTestExecutionListener@7d61eb55, org.springframework.boot.test.autoconfigure.web.client.MockRestServiceServerResetTestExecutionListener@222a59e6, org.springframework.boot.test.autoconfigure.web.servlet.MockMvcPrintOnlyOnFailureTestExecutionListener@6c7a164b, org.springframework.boot.test.autoconfigure.web.servlet.WebDriverTestExecutionListener@4c2bb6e0, org.springframework.boot.test.autoconfigure.webservices.client.MockWebServiceServerTestExecutionListener@3e62d773]
2020-10-16 15:09:45,815 [main] INFO RedisConfigTest - Starting RedisConfigTest on DESKTOP-HE3N4PT with PID 21720 (started by Puppy_x in E:\Java\middleware\server)
2020-10-16 15:09:45,815 [main] DEBUG RedisConfigTest - Running with Spring Boot v2.3.4.RELEASE, Spring v5.2.9.RELEASE
2020-10-16 15:09:45,816 [main] INFO RedisConfigTest - No active profile set, falling back to default profiles: default
2020-10-16 15:09:46,276 [main] INFO RepositoryConfigurationDelegate - Multiple Spring Data modules found, entering strict repository configuration mode!
2020-10-16 15:09:46,278 [main] INFO RepositoryConfigurationDelegate - Bootstrapping Spring Data Redis repositories in DEFAULT mode.
2020-10-16 15:09:46,297 [main] INFO RepositoryConfigurationDelegate - Finished Spring Data repository scanning in 5ms. Found 0 Redis repository interfaces.
2020-10-16 15:09:46,388 [main] WARN ClassPathMapperScanner - No MyBatis mapper was found in '[com.study.middleware.server]' package. Please check your configuration.
2020-10-16 15:09:47,322 [main] INFO ThreadPoolTaskExecutor - Initializing ExecutorService 'applicationTaskExecutor'
2020-10-16 15:09:47,852 [main] INFO RedisConfigTest - Started RedisConfigTest in 2.326 seconds (JVM running for 3.417)
2020-10-16 15:09:48,007 [main] INFO RedisConfigTest - Start
2020-10-16 15:09:49,641 [main] INFO RedisConfigTest - sssss
2020-10-16 15:09:49,660 [SpringContextShutdownHook] INFO ThreadPoolTaskExecutor - Shutting down ExecutorService 'applicationTaskExecutor'
2020-10-16 15:10:22,842 [main] INFO SpringBootTestContextBootstrapper - Neither @ContextConfiguration nor @ContextHierarchy found for test class [com.study.middleware.server.config.RedisConfigTest], using SpringBootContextLoader
2020-10-16 15:10:22,847 [main] INFO AbstractContextLoader - Could not detect default resource locations for test class [com.study.middleware.server.config.RedisConfigTest]: no resource found for suffixes {-context.xml, Context.groovy}.
2020-10-16 15:10:22,848 [main] INFO AnnotationConfigContextLoaderUtils - Could not detect default configuration classes for test class [com.study.middleware.server.config.RedisConfigTest]: RedisConfigTest does not declare any static, non-private, non-final, nested classes annotated with @Configuration.
2020-10-16 15:10:22,948 [main] INFO SpringBootTestContextBootstrapper - Found @SpringBootConfiguration com.study.middleware.server.MainApplication for test class com.study.middleware.server.config.RedisConfigTest
2020-10-16 15:10:23,040 [main] INFO SpringBootTestContextBootstrapper - Loaded default TestExecutionListener class names from location [META-INF/spring.factories]: [org.springframework.boot.test.mock.mockito.MockitoTestExecutionListener, org.springframework.boot.test.mock.mockito.ResetMocksTestExecutionListener, org.springframework.boot.test.autoconfigure.restdocs.RestDocsTestExecutionListener, org.springframework.boot.test.autoconfigure.web.client.MockRestServiceServerResetTestExecutionListener, org.springframework.boot.test.autoconfigure.web.servlet.MockMvcPrintOnlyOnFailureTestExecutionListener, org.springframework.boot.test.autoconfigure.web.servlet.WebDriverTestExecutionListener, org.springframework.boot.test.autoconfigure.webservices.client.MockWebServiceServerTestExecutionListener, org.springframework.test.context.web.ServletTestExecutionListener, org.springframework.test.context.support.DirtiesContextBeforeModesTestExecutionListener, org.springframework.test.context.support.DependencyInjectionTestExecutionListener, org.springframework.test.context.support.DirtiesContextTestExecutionListener, org.springframework.test.context.transaction.TransactionalTestExecutionListener, org.springframework.test.context.jdbc.SqlScriptsTestExecutionListener, org.springframework.test.context.event.EventPublishingTestExecutionListener]
2020-10-16 15:10:23,053 [main] INFO SpringBootTestContextBootstrapper - Using TestExecutionListeners: [org.springframework.test.context.web.ServletTestExecutionListener@4149c063, org.springframework.test.context.support.DirtiesContextBeforeModesTestExecutionListener@9cb8225, org.springframework.boot.test.mock.mockito.MockitoTestExecutionListener@76b07f29, org.springframework.boot.test.autoconfigure.SpringBootDependencyInjectionTestExecutionListener@38af9828, org.springframework.test.context.support.DirtiesContextTestExecutionListener@376a0d86, org.springframework.test.context.transaction.TransactionalTestExecutionListener@62656be4, org.springframework.test.context.jdbc.SqlScriptsTestExecutionListener@17d919b6, org.springframework.test.context.event.EventPublishingTestExecutionListener@53f3bdbd, org.springframework.boot.test.mock.mockito.ResetMocksTestExecutionListener@34129c78, org.springframework.boot.test.autoconfigure.restdocs.RestDocsTestExecutionListener@7d61eb55, org.springframework.boot.test.autoconfigure.web.client.MockRestServiceServerResetTestExecutionListener@222a59e6, org.springframework.boot.test.autoconfigure.web.servlet.MockMvcPrintOnlyOnFailureTestExecutionListener@6c7a164b, org.springframework.boot.test.autoconfigure.web.servlet.WebDriverTestExecutionListener@4c2bb6e0, org.springframework.boot.test.autoconfigure.webservices.client.MockWebServiceServerTestExecutionListener@3e62d773]
2020-10-16 15:10:23,341 [main] INFO RedisConfigTest - Starting RedisConfigTest on DESKTOP-HE3N4PT with PID 14728 (started by Puppy_x in E:\Java\middleware\server)
2020-10-16 15:10:23,342 [main] DEBUG RedisConfigTest - Running with Spring Boot v2.3.4.RELEASE, Spring v5.2.9.RELEASE
2020-10-16 15:10:23,342 [main] INFO RedisConfigTest - No active profile set, falling back to default profiles: default
2020-10-16 15:10:23,797 [main] INFO RepositoryConfigurationDelegate - Multiple Spring Data modules found, entering strict repository configuration mode!
2020-10-16 15:10:23,799 [main] INFO RepositoryConfigurationDelegate - Bootstrapping Spring Data Redis repositories in DEFAULT mode.
2020-10-16 15:10:23,815 [main] INFO RepositoryConfigurationDelegate - Finished Spring Data repository scanning in 5ms. Found 0 Redis repository interfaces.
2020-10-16 15:10:23,902 [main] WARN ClassPathMapperScanner - No MyBatis mapper was found in '[com.study.middleware.server]' package. Please check your configuration.
2020-10-16 15:10:24,834 [main] INFO ThreadPoolTaskExecutor - Initializing ExecutorService 'applicationTaskExecutor'
2020-10-16 15:10:25,350 [main] INFO RedisConfigTest - Started RedisConfigTest in 2.264 seconds (JVM running for 3.279)
2020-10-16 15:10:25,509 [main] INFO RedisConfigTest - Start
2020-10-16 15:10:27,129 [main] INFO RedisConfigTest - sssss
2020-10-16 15:10:27,142 [SpringContextShutdownHook] INFO ThreadPoolTaskExecutor - Shutting down ExecutorService 'applicationTaskExecutor'
