2020-10-19 10:09:47,085 [main] INFO MainApplication - Starting MainApplication on DESKTOP-HE3N4PT with PID 19808 (E:\Java\middleware\server\target\classes started by Puppy_x in E:\Java\middleware)
2020-10-19 10:09:47,090 [main] DEBUG MainApplication - Running with Spring Boot v2.3.4.RELEASE, Spring v5.2.9.RELEASE
2020-10-19 10:09:47,091 [main] INFO MainApplication - No active profile set, falling back to default profiles: default
2020-10-19 10:09:47,726 [main] INFO RepositoryConfigurationDelegate - Multiple Spring Data modules found, entering strict repository configuration mode!
2020-10-19 10:09:47,729 [main] INFO RepositoryConfigurationDelegate - Bootstrapping Spring Data Redis repositories in DEFAULT mode.
2020-10-19 10:09:47,753 [main] INFO RepositoryConfigurationDelegate - Finished Spring Data repository scanning in 6ms. Found 0 Redis repository interfaces.
2020-10-19 10:09:47,843 [main] WARN ClassPathMapperScanner - No MyBatis mapper was found in '[com.study.middleware.server]' package. Please check your configuration.
2020-10-19 10:09:48,215 [main] INFO TomcatWebServer - Tomcat initialized with port(s): 8001 (http)
2020-10-19 10:09:48,318 [main] INFO ServletWebServerApplicationContext - Root WebApplicationContext: initialization completed in 1186 ms
2020-10-19 10:09:48,542 [main] WARN AnnotationConfigServletWebServerApplicationContext - Exception encountered during context initialization - cancelling refresh attempt: org.springframework.beans.factory.BeanCreationException: Error creating bean with name 'cachePassController': Injection of resource dependencies failed; nested exception is org.springframework.beans.factory.BeanCreationException: Error creating bean with name 'cachePassService': Injection of resource dependencies failed; nested exception is org.springframework.beans.factory.NoSuchBeanDefinitionException: No qualifying bean of type 'com.study.middleware.model.mapper.ItemMapper' available: expected at least 1 bean which qualifies as autowire candidate. Dependency annotations: {@javax.annotation.Resource(shareable=true, lookup=, name=, description=, authenticationType=CONTAINER, type=class java.lang.Object, mappedName=)}
2020-10-19 10:09:48,573 [main] INFO ConditionEvaluationReportLoggingListener - 

Error starting ApplicationContext. To display the conditions report re-run your application with 'debug' enabled.
2020-10-19 10:09:48,653 [main] ERROR LoggingFailureAnalysisReporter - 

***************************
APPLICATION FAILED TO START
***************************

Description:

A component required a bean of type 'com.study.middleware.model.mapper.ItemMapper' that could not be found.


Action:

Consider defining a bean of type 'com.study.middleware.model.mapper.ItemMapper' in your configuration.

2020-10-19 10:10:58,269 [main] INFO MainApplication - Starting MainApplication on DESKTOP-HE3N4PT with PID 16844 (E:\Java\middleware\server\target\classes started by Puppy_x in E:\Java\middleware)
2020-10-19 10:10:58,271 [main] DEBUG MainApplication - Running with Spring Boot v2.3.4.RELEASE, Spring v5.2.9.RELEASE
2020-10-19 10:10:58,272 [main] INFO MainApplication - No active profile set, falling back to default profiles: default
2020-10-19 10:10:58,657 [main] INFO RepositoryConfigurationDelegate - Multiple Spring Data modules found, entering strict repository configuration mode!
2020-10-19 10:10:58,659 [main] INFO RepositoryConfigurationDelegate - Bootstrapping Spring Data Redis repositories in DEFAULT mode.
2020-10-19 10:10:58,677 [main] INFO RepositoryConfigurationDelegate - Finished Spring Data repository scanning in 9ms. Found 0 Redis repository interfaces.
2020-10-19 10:10:58,982 [main] INFO TomcatWebServer - Tomcat initialized with port(s): 8001 (http)
2020-10-19 10:10:59,057 [main] INFO ServletWebServerApplicationContext - Root WebApplicationContext: initialization completed in 750 ms
2020-10-19 10:10:59,497 [main] INFO ThreadPoolTaskExecutor - Initializing ExecutorService 'applicationTaskExecutor'
2020-10-19 10:10:59,677 [main] INFO TomcatWebServer - Tomcat started on port(s): 8001 (http) with context path '/middleware'
2020-10-19 10:10:59,683 [main] INFO MainApplication - Started MainApplication in 1.679 seconds (JVM running for 2.757)
2020-10-19 10:11:10,982 [http-nio-8001-exec-2] INFO DispatcherServlet - Initializing Servlet 'dispatcherServlet'
2020-10-19 10:11:10,986 [http-nio-8001-exec-2] INFO DispatcherServlet - Completed initialization in 4 ms
2020-10-19 10:11:11,012 [http-nio-8001-exec-2] INFO BookController - bookNo: 1, name: ddd
2020-10-19 10:11:48,005 [http-nio-8001-exec-3] ERROR [dispatcherServlet] - Servlet.service() for servlet [dispatcherServlet] in context with path [/middleware] threw exception [Request processing failed; nested exception is org.apache.ibatis.binding.BindingException: Invalid bound statement (not found): com.study.middleware.model.mapper.ItemMapper.selectByCode] with root cause
org.apache.ibatis.binding.BindingException: Invalid bound statement (not found): com.study.middleware.model.mapper.ItemMapper.selectByCode
	at org.apache.ibatis.binding.MapperMethod$SqlCommand.<init>(MapperMethod.java:235)
	at org.apache.ibatis.binding.MapperMethod.<init>(MapperMethod.java:53)
	at org.apache.ibatis.binding.MapperProxy.lambda$cachedInvoker$0(MapperProxy.java:115)
	at java.util.concurrent.ConcurrentHashMap.computeIfAbsent(ConcurrentHashMap.java:1660)
	at org.apache.ibatis.binding.MapperProxy.cachedInvoker(MapperProxy.java:102)
	at org.apache.ibatis.binding.MapperProxy.invoke(MapperProxy.java:85)
	at com.sun.proxy.$Proxy57.selectByCode(Unknown Source)
	at com.study.middleware.server.service.redis.CachePassService.getItemByCode(CachePassService.java:24)
	at com.study.middleware.server.controller.redis.CachePassController.getItem(CachePassController.java:25)
	at sun.reflect.NativeMethodAccessorImpl.invoke0(Native Method)
	at sun.reflect.NativeMethodAccessorImpl.invoke(NativeMethodAccessorImpl.java:62)
	at sun.reflect.DelegatingMethodAccessorImpl.invoke(DelegatingMethodAccessorImpl.java:43)
	at java.lang.reflect.Method.invoke(Method.java:498)
	at org.springframework.web.method.support.InvocableHandlerMethod.doInvoke(InvocableHandlerMethod.java:190)
	at org.springframework.web.method.support.InvocableHandlerMethod.invokeForRequest(InvocableHandlerMethod.java:138)
	at org.springframework.web.servlet.mvc.method.annotation.ServletInvocableHandlerMethod.invokeAndHandle(ServletInvocableHandlerMethod.java:105)
	at org.springframework.web.servlet.mvc.method.annotation.RequestMappingHandlerAdapter.invokeHandlerMethod(RequestMappingHandlerAdapter.java:878)
	at org.springframework.web.servlet.mvc.method.annotation.RequestMappingHandlerAdapter.handleInternal(RequestMappingHandlerAdapter.java:792)
	at org.springframework.web.servlet.mvc.method.AbstractHandlerMethodAdapter.handle(AbstractHandlerMethodAdapter.java:87)
	at org.springframework.web.servlet.DispatcherServlet.doDispatch(DispatcherServlet.java:1040)
	at org.springframework.web.servlet.DispatcherServlet.doService(DispatcherServlet.java:943)
	at org.springframework.web.servlet.FrameworkServlet.processRequest(FrameworkServlet.java:1006)
	at org.springframework.web.servlet.FrameworkServlet.doGet(FrameworkServlet.java:898)
	at javax.servlet.http.HttpServlet.service(HttpServlet.java:626)
	at org.springframework.web.servlet.FrameworkServlet.service(FrameworkServlet.java:883)
	at javax.servlet.http.HttpServlet.service(HttpServlet.java:733)
	at org.apache.catalina.core.ApplicationFilterChain.internalDoFilter(ApplicationFilterChain.java:231)
	at org.apache.catalina.core.ApplicationFilterChain.doFilter(ApplicationFilterChain.java:166)
	at org.apache.tomcat.websocket.server.WsFilter.doFilter(WsFilter.java:53)
	at org.apache.catalina.core.ApplicationFilterChain.internalDoFilter(ApplicationFilterChain.java:193)
	at org.apache.catalina.core.ApplicationFilterChain.doFilter(ApplicationFilterChain.java:166)
	at org.springframework.web.filter.RequestContextFilter.doFilterInternal(RequestContextFilter.java:100)
	at org.springframework.web.filter.OncePerRequestFilter.doFilter(OncePerRequestFilter.java:119)
	at org.apache.catalina.core.ApplicationFilterChain.internalDoFilter(ApplicationFilterChain.java:193)
	at org.apache.catalina.core.ApplicationFilterChain.doFilter(ApplicationFilterChain.java:166)
	at org.springframework.web.filter.FormContentFilter.doFilterInternal(FormContentFilter.java:93)
	at org.springframework.web.filter.OncePerRequestFilter.doFilter(OncePerRequestFilter.java:119)
	at org.apache.catalina.core.ApplicationFilterChain.internalDoFilter(ApplicationFilterChain.java:193)
	at org.apache.catalina.core.ApplicationFilterChain.doFilter(ApplicationFilterChain.java:166)
	at org.springframework.web.filter.CharacterEncodingFilter.doFilterInternal(CharacterEncodingFilter.java:201)
	at org.springframework.web.filter.OncePerRequestFilter.doFilter(OncePerRequestFilter.java:119)
	at org.apache.catalina.core.ApplicationFilterChain.internalDoFilter(ApplicationFilterChain.java:193)
	at org.apache.catalina.core.ApplicationFilterChain.doFilter(ApplicationFilterChain.java:166)
	at org.apache.catalina.core.StandardWrapperValve.invoke(StandardWrapperValve.java:202)
	at org.apache.catalina.core.StandardContextValve.invoke(StandardContextValve.java:97)
	at org.apache.catalina.authenticator.AuthenticatorBase.invoke(AuthenticatorBase.java:541)
	at org.apache.catalina.core.StandardHostValve.invoke(StandardHostValve.java:143)
	at org.apache.catalina.valves.ErrorReportValve.invoke(ErrorReportValve.java:92)
	at org.apache.catalina.core.StandardEngineValve.invoke(StandardEngineValve.java:78)
	at org.apache.catalina.connector.CoyoteAdapter.service(CoyoteAdapter.java:343)
	at org.apache.coyote.http11.Http11Processor.service(Http11Processor.java:374)
	at org.apache.coyote.AbstractProcessorLight.process(AbstractProcessorLight.java:65)
	at org.apache.coyote.AbstractProtocol$ConnectionHandler.process(AbstractProtocol.java:868)
	at org.apache.tomcat.util.net.NioEndpoint$SocketProcessor.doRun(NioEndpoint.java:1590)
	at org.apache.tomcat.util.net.SocketProcessorBase.run(SocketProcessorBase.java:49)
	at java.util.concurrent.ThreadPoolExecutor.runWorker(ThreadPoolExecutor.java:1149)
	at java.util.concurrent.ThreadPoolExecutor$Worker.run(ThreadPoolExecutor.java:624)
	at org.apache.tomcat.util.threads.TaskThread$WrappingRunnable.run(TaskThread.java:61)
	at java.lang.Thread.run(Thread.java:748)
2020-10-19 10:13:26,646 [main] INFO MainApplication - Starting MainApplication on DESKTOP-HE3N4PT with PID 9000 (E:\Java\middleware\server\target\classes started by Puppy_x in E:\Java\middleware)
2020-10-19 10:13:26,648 [main] DEBUG MainApplication - Running with Spring Boot v2.3.4.RELEASE, Spring v5.2.9.RELEASE
2020-10-19 10:13:26,648 [main] INFO MainApplication - No active profile set, falling back to default profiles: default
2020-10-19 10:13:27,034 [main] INFO RepositoryConfigurationDelegate - Multiple Spring Data modules found, entering strict repository configuration mode!
2020-10-19 10:13:27,036 [main] INFO RepositoryConfigurationDelegate - Bootstrapping Spring Data Redis repositories in DEFAULT mode.
2020-10-19 10:13:27,054 [main] INFO RepositoryConfigurationDelegate - Finished Spring Data repository scanning in 9ms. Found 0 Redis repository interfaces.
2020-10-19 10:13:27,360 [main] INFO TomcatWebServer - Tomcat initialized with port(s): 8001 (http)
2020-10-19 10:13:27,435 [main] INFO ServletWebServerApplicationContext - Root WebApplicationContext: initialization completed in 752 ms
2020-10-19 10:13:27,834 [main] INFO ThreadPoolTaskExecutor - Initializing ExecutorService 'applicationTaskExecutor'
2020-10-19 10:13:27,998 [main] INFO TomcatWebServer - Tomcat started on port(s): 8001 (http) with context path '/middleware'
2020-10-19 10:13:28,004 [main] INFO MainApplication - Started MainApplication in 1.622 seconds (JVM running for 2.673)
2020-10-19 10:13:30,996 [http-nio-8001-exec-1] INFO DispatcherServlet - Initializing Servlet 'dispatcherServlet'
2020-10-19 10:13:31,001 [http-nio-8001-exec-1] INFO DispatcherServlet - Completed initialization in 4 ms
2020-10-19 10:13:31,022 [http-nio-8001-exec-1] INFO CachePassController - getItem
2020-10-19 10:13:31,023 [http-nio-8001-exec-1] INFO CachePassService - code: book1
2020-10-19 10:13:31,030 [http-nio-8001-exec-1] ERROR [dispatcherServlet] - Servlet.service() for servlet [dispatcherServlet] in context with path [/middleware] threw exception [Request processing failed; nested exception is org.apache.ibatis.binding.BindingException: Invalid bound statement (not found): com.study.middleware.model.mapper.ItemMapper.selectByCode] with root cause
org.apache.ibatis.binding.BindingException: Invalid bound statement (not found): com.study.middleware.model.mapper.ItemMapper.selectByCode
	at org.apache.ibatis.binding.MapperMethod$SqlCommand.<init>(MapperMethod.java:235)
	at org.apache.ibatis.binding.MapperMethod.<init>(MapperMethod.java:53)
	at org.apache.ibatis.binding.MapperProxy.lambda$cachedInvoker$0(MapperProxy.java:115)
	at java.util.concurrent.ConcurrentHashMap.computeIfAbsent(ConcurrentHashMap.java:1660)
	at org.apache.ibatis.binding.MapperProxy.cachedInvoker(MapperProxy.java:102)
	at org.apache.ibatis.binding.MapperProxy.invoke(MapperProxy.java:85)
	at com.sun.proxy.$Proxy57.selectByCode(Unknown Source)
	at com.study.middleware.server.service.redis.CachePassService.getItemByCode(CachePassService.java:27)
	at com.study.middleware.server.controller.redis.CachePassController.getItem(CachePassController.java:28)
	at sun.reflect.NativeMethodAccessorImpl.invoke0(Native Method)
	at sun.reflect.NativeMethodAccessorImpl.invoke(NativeMethodAccessorImpl.java:62)
	at sun.reflect.DelegatingMethodAccessorImpl.invoke(DelegatingMethodAccessorImpl.java:43)
	at java.lang.reflect.Method.invoke(Method.java:498)
	at org.springframework.web.method.support.InvocableHandlerMethod.doInvoke(InvocableHandlerMethod.java:190)
	at org.springframework.web.method.support.InvocableHandlerMethod.invokeForRequest(InvocableHandlerMethod.java:138)
	at org.springframework.web.servlet.mvc.method.annotation.ServletInvocableHandlerMethod.invokeAndHandle(ServletInvocableHandlerMethod.java:105)
	at org.springframework.web.servlet.mvc.method.annotation.RequestMappingHandlerAdapter.invokeHandlerMethod(RequestMappingHandlerAdapter.java:878)
	at org.springframework.web.servlet.mvc.method.annotation.RequestMappingHandlerAdapter.handleInternal(RequestMappingHandlerAdapter.java:792)
	at org.springframework.web.servlet.mvc.method.AbstractHandlerMethodAdapter.handle(AbstractHandlerMethodAdapter.java:87)
	at org.springframework.web.servlet.DispatcherServlet.doDispatch(DispatcherServlet.java:1040)
	at org.springframework.web.servlet.DispatcherServlet.doService(DispatcherServlet.java:943)
	at org.springframework.web.servlet.FrameworkServlet.processRequest(FrameworkServlet.java:1006)
	at org.springframework.web.servlet.FrameworkServlet.doGet(FrameworkServlet.java:898)
	at javax.servlet.http.HttpServlet.service(HttpServlet.java:626)
	at org.springframework.web.servlet.FrameworkServlet.service(FrameworkServlet.java:883)
	at javax.servlet.http.HttpServlet.service(HttpServlet.java:733)
	at org.apache.catalina.core.ApplicationFilterChain.internalDoFilter(ApplicationFilterChain.java:231)
	at org.apache.catalina.core.ApplicationFilterChain.doFilter(ApplicationFilterChain.java:166)
	at org.apache.tomcat.websocket.server.WsFilter.doFilter(WsFilter.java:53)
	at org.apache.catalina.core.ApplicationFilterChain.internalDoFilter(ApplicationFilterChain.java:193)
	at org.apache.catalina.core.ApplicationFilterChain.doFilter(ApplicationFilterChain.java:166)
	at org.springframework.web.filter.RequestContextFilter.doFilterInternal(RequestContextFilter.java:100)
	at org.springframework.web.filter.OncePerRequestFilter.doFilter(OncePerRequestFilter.java:119)
	at org.apache.catalina.core.ApplicationFilterChain.internalDoFilter(ApplicationFilterChain.java:193)
	at org.apache.catalina.core.ApplicationFilterChain.doFilter(ApplicationFilterChain.java:166)
	at org.springframework.web.filter.FormContentFilter.doFilterInternal(FormContentFilter.java:93)
	at org.springframework.web.filter.OncePerRequestFilter.doFilter(OncePerRequestFilter.java:119)
	at org.apache.catalina.core.ApplicationFilterChain.internalDoFilter(ApplicationFilterChain.java:193)
	at org.apache.catalina.core.ApplicationFilterChain.doFilter(ApplicationFilterChain.java:166)
	at org.springframework.web.filter.CharacterEncodingFilter.doFilterInternal(CharacterEncodingFilter.java:201)
	at org.springframework.web.filter.OncePerRequestFilter.doFilter(OncePerRequestFilter.java:119)
	at org.apache.catalina.core.ApplicationFilterChain.internalDoFilter(ApplicationFilterChain.java:193)
	at org.apache.catalina.core.ApplicationFilterChain.doFilter(ApplicationFilterChain.java:166)
	at org.apache.catalina.core.StandardWrapperValve.invoke(StandardWrapperValve.java:202)
	at org.apache.catalina.core.StandardContextValve.invoke(StandardContextValve.java:97)
	at org.apache.catalina.authenticator.AuthenticatorBase.invoke(AuthenticatorBase.java:541)
	at org.apache.catalina.core.StandardHostValve.invoke(StandardHostValve.java:143)
	at org.apache.catalina.valves.ErrorReportValve.invoke(ErrorReportValve.java:92)
	at org.apache.catalina.core.StandardEngineValve.invoke(StandardEngineValve.java:78)
	at org.apache.catalina.connector.CoyoteAdapter.service(CoyoteAdapter.java:343)
	at org.apache.coyote.http11.Http11Processor.service(Http11Processor.java:374)
	at org.apache.coyote.AbstractProcessorLight.process(AbstractProcessorLight.java:65)
	at org.apache.coyote.AbstractProtocol$ConnectionHandler.process(AbstractProtocol.java:868)
	at org.apache.tomcat.util.net.NioEndpoint$SocketProcessor.doRun(NioEndpoint.java:1590)
	at org.apache.tomcat.util.net.SocketProcessorBase.run(SocketProcessorBase.java:49)
	at java.util.concurrent.ThreadPoolExecutor.runWorker(ThreadPoolExecutor.java:1149)
	at java.util.concurrent.ThreadPoolExecutor$Worker.run(ThreadPoolExecutor.java:624)
	at org.apache.tomcat.util.threads.TaskThread$WrappingRunnable.run(TaskThread.java:61)
	at java.lang.Thread.run(Thread.java:748)
2020-10-19 10:17:10,877 [main] INFO MainApplication - Starting MainApplication on DESKTOP-HE3N4PT with PID 9504 (E:\Java\middleware\server\target\classes started by Puppy_x in E:\Java\middleware)
2020-10-19 10:17:10,879 [main] DEBUG MainApplication - Running with Spring Boot v2.3.4.RELEASE, Spring v5.2.9.RELEASE
2020-10-19 10:17:10,879 [main] INFO MainApplication - No active profile set, falling back to default profiles: default
2020-10-19 10:17:11,294 [main] INFO RepositoryConfigurationDelegate - Multiple Spring Data modules found, entering strict repository configuration mode!
2020-10-19 10:17:11,295 [main] INFO RepositoryConfigurationDelegate - Bootstrapping Spring Data Redis repositories in DEFAULT mode.
2020-10-19 10:17:11,314 [main] INFO RepositoryConfigurationDelegate - Finished Spring Data repository scanning in 10ms. Found 0 Redis repository interfaces.
2020-10-19 10:17:11,654 [main] INFO TomcatWebServer - Tomcat initialized with port(s): 8001 (http)
2020-10-19 10:17:11,731 [main] INFO ServletWebServerApplicationContext - Root WebApplicationContext: initialization completed in 813 ms
2020-10-19 10:17:12,173 [main] INFO ThreadPoolTaskExecutor - Initializing ExecutorService 'applicationTaskExecutor'
2020-10-19 10:17:12,337 [main] INFO TomcatWebServer - Tomcat started on port(s): 8001 (http) with context path '/middleware'
2020-10-19 10:17:12,343 [main] INFO MainApplication - Started MainApplication in 1.747 seconds (JVM running for 2.799)
2020-10-19 10:17:20,685 [http-nio-8001-exec-1] INFO DispatcherServlet - Initializing Servlet 'dispatcherServlet'
2020-10-19 10:17:20,689 [http-nio-8001-exec-1] INFO DispatcherServlet - Completed initialization in 4 ms
2020-10-19 10:17:20,710 [http-nio-8001-exec-1] INFO CachePassController - getItem
2020-10-19 10:17:20,710 [http-nio-8001-exec-1] INFO CachePassService - code: book1
2020-10-19 10:17:20,717 [http-nio-8001-exec-1] ERROR [dispatcherServlet] - Servlet.service() for servlet [dispatcherServlet] in context with path [/middleware] threw exception [Request processing failed; nested exception is org.apache.ibatis.binding.BindingException: Invalid bound statement (not found): com.study.middleware.model.mapper.ItemMapper.selectByCode] with root cause
org.apache.ibatis.binding.BindingException: Invalid bound statement (not found): com.study.middleware.model.mapper.ItemMapper.selectByCode
	at org.apache.ibatis.binding.MapperMethod$SqlCommand.<init>(MapperMethod.java:235)
	at org.apache.ibatis.binding.MapperMethod.<init>(MapperMethod.java:53)
	at org.apache.ibatis.binding.MapperProxy.lambda$cachedInvoker$0(MapperProxy.java:115)
	at java.util.concurrent.ConcurrentHashMap.computeIfAbsent(ConcurrentHashMap.java:1660)
	at org.apache.ibatis.binding.MapperProxy.cachedInvoker(MapperProxy.java:102)
	at org.apache.ibatis.binding.MapperProxy.invoke(MapperProxy.java:85)
	at com.sun.proxy.$Proxy57.selectByCode(Unknown Source)
	at com.study.middleware.server.service.redis.CachePassService.getItemByCode(CachePassService.java:27)
	at com.study.middleware.server.controller.redis.CachePassController.getItem(CachePassController.java:28)
	at sun.reflect.NativeMethodAccessorImpl.invoke0(Native Method)
	at sun.reflect.NativeMethodAccessorImpl.invoke(NativeMethodAccessorImpl.java:62)
	at sun.reflect.DelegatingMethodAccessorImpl.invoke(DelegatingMethodAccessorImpl.java:43)
	at java.lang.reflect.Method.invoke(Method.java:498)
	at org.springframework.web.method.support.InvocableHandlerMethod.doInvoke(InvocableHandlerMethod.java:190)
	at org.springframework.web.method.support.InvocableHandlerMethod.invokeForRequest(InvocableHandlerMethod.java:138)
	at org.springframework.web.servlet.mvc.method.annotation.ServletInvocableHandlerMethod.invokeAndHandle(ServletInvocableHandlerMethod.java:105)
	at org.springframework.web.servlet.mvc.method.annotation.RequestMappingHandlerAdapter.invokeHandlerMethod(RequestMappingHandlerAdapter.java:878)
	at org.springframework.web.servlet.mvc.method.annotation.RequestMappingHandlerAdapter.handleInternal(RequestMappingHandlerAdapter.java:792)
	at org.springframework.web.servlet.mvc.method.AbstractHandlerMethodAdapter.handle(AbstractHandlerMethodAdapter.java:87)
	at org.springframework.web.servlet.DispatcherServlet.doDispatch(DispatcherServlet.java:1040)
	at org.springframework.web.servlet.DispatcherServlet.doService(DispatcherServlet.java:943)
	at org.springframework.web.servlet.FrameworkServlet.processRequest(FrameworkServlet.java:1006)
	at org.springframework.web.servlet.FrameworkServlet.doGet(FrameworkServlet.java:898)
	at javax.servlet.http.HttpServlet.service(HttpServlet.java:626)
	at org.springframework.web.servlet.FrameworkServlet.service(FrameworkServlet.java:883)
	at javax.servlet.http.HttpServlet.service(HttpServlet.java:733)
	at org.apache.catalina.core.ApplicationFilterChain.internalDoFilter(ApplicationFilterChain.java:231)
	at org.apache.catalina.core.ApplicationFilterChain.doFilter(ApplicationFilterChain.java:166)
	at org.apache.tomcat.websocket.server.WsFilter.doFilter(WsFilter.java:53)
	at org.apache.catalina.core.ApplicationFilterChain.internalDoFilter(ApplicationFilterChain.java:193)
	at org.apache.catalina.core.ApplicationFilterChain.doFilter(ApplicationFilterChain.java:166)
	at org.springframework.web.filter.RequestContextFilter.doFilterInternal(RequestContextFilter.java:100)
	at org.springframework.web.filter.OncePerRequestFilter.doFilter(OncePerRequestFilter.java:119)
	at org.apache.catalina.core.ApplicationFilterChain.internalDoFilter(ApplicationFilterChain.java:193)
	at org.apache.catalina.core.ApplicationFilterChain.doFilter(ApplicationFilterChain.java:166)
	at org.springframework.web.filter.FormContentFilter.doFilterInternal(FormContentFilter.java:93)
	at org.springframework.web.filter.OncePerRequestFilter.doFilter(OncePerRequestFilter.java:119)
	at org.apache.catalina.core.ApplicationFilterChain.internalDoFilter(ApplicationFilterChain.java:193)
	at org.apache.catalina.core.ApplicationFilterChain.doFilter(ApplicationFilterChain.java:166)
	at org.springframework.web.filter.CharacterEncodingFilter.doFilterInternal(CharacterEncodingFilter.java:201)
	at org.springframework.web.filter.OncePerRequestFilter.doFilter(OncePerRequestFilter.java:119)
	at org.apache.catalina.core.ApplicationFilterChain.internalDoFilter(ApplicationFilterChain.java:193)
	at org.apache.catalina.core.ApplicationFilterChain.doFilter(ApplicationFilterChain.java:166)
	at org.apache.catalina.core.StandardWrapperValve.invoke(StandardWrapperValve.java:202)
	at org.apache.catalina.core.StandardContextValve.invoke(StandardContextValve.java:97)
	at org.apache.catalina.authenticator.AuthenticatorBase.invoke(AuthenticatorBase.java:541)
	at org.apache.catalina.core.StandardHostValve.invoke(StandardHostValve.java:143)
	at org.apache.catalina.valves.ErrorReportValve.invoke(ErrorReportValve.java:92)
	at org.apache.catalina.core.StandardEngineValve.invoke(StandardEngineValve.java:78)
	at org.apache.catalina.connector.CoyoteAdapter.service(CoyoteAdapter.java:343)
	at org.apache.coyote.http11.Http11Processor.service(Http11Processor.java:374)
	at org.apache.coyote.AbstractProcessorLight.process(AbstractProcessorLight.java:65)
	at org.apache.coyote.AbstractProtocol$ConnectionHandler.process(AbstractProtocol.java:868)
	at org.apache.tomcat.util.net.NioEndpoint$SocketProcessor.doRun(NioEndpoint.java:1590)
	at org.apache.tomcat.util.net.SocketProcessorBase.run(SocketProcessorBase.java:49)
	at java.util.concurrent.ThreadPoolExecutor.runWorker(ThreadPoolExecutor.java:1149)
	at java.util.concurrent.ThreadPoolExecutor$Worker.run(ThreadPoolExecutor.java:624)
	at org.apache.tomcat.util.threads.TaskThread$WrappingRunnable.run(TaskThread.java:61)
	at java.lang.Thread.run(Thread.java:748)
2020-10-19 10:20:18,481 [main] INFO MainApplication - Starting MainApplication on DESKTOP-HE3N4PT with PID 20344 (E:\Java\middleware\server\target\classes started by Puppy_x in E:\Java\middleware)
2020-10-19 10:20:18,484 [main] DEBUG MainApplication - Running with Spring Boot v2.3.4.RELEASE, Spring v5.2.9.RELEASE
2020-10-19 10:20:18,484 [main] INFO MainApplication - No active profile set, falling back to default profiles: default
2020-10-19 10:20:18,897 [main] INFO RepositoryConfigurationDelegate - Multiple Spring Data modules found, entering strict repository configuration mode!
2020-10-19 10:20:18,898 [main] INFO RepositoryConfigurationDelegate - Bootstrapping Spring Data Redis repositories in DEFAULT mode.
2020-10-19 10:20:18,917 [main] INFO RepositoryConfigurationDelegate - Finished Spring Data repository scanning in 9ms. Found 0 Redis repository interfaces.
2020-10-19 10:20:19,234 [main] INFO TomcatWebServer - Tomcat initialized with port(s): 8001 (http)
2020-10-19 10:20:19,310 [main] INFO ServletWebServerApplicationContext - Root WebApplicationContext: initialization completed in 784 ms
2020-10-19 10:20:19,719 [main] INFO ThreadPoolTaskExecutor - Initializing ExecutorService 'applicationTaskExecutor'
2020-10-19 10:20:19,892 [main] INFO TomcatWebServer - Tomcat started on port(s): 8001 (http) with context path '/middleware'
2020-10-19 10:20:19,898 [main] INFO MainApplication - Started MainApplication in 1.723 seconds (JVM running for 2.868)
2020-10-19 10:20:23,535 [http-nio-8001-exec-2] INFO DispatcherServlet - Initializing Servlet 'dispatcherServlet'
2020-10-19 10:20:23,539 [http-nio-8001-exec-2] INFO DispatcherServlet - Completed initialization in 4 ms
2020-10-19 10:20:23,559 [http-nio-8001-exec-2] INFO CachePassController - getItem
2020-10-19 10:20:23,559 [http-nio-8001-exec-2] INFO CachePassService - code: book1
2020-10-19 10:20:23,567 [http-nio-8001-exec-2] ERROR [dispatcherServlet] - Servlet.service() for servlet [dispatcherServlet] in context with path [/middleware] threw exception [Request processing failed; nested exception is org.apache.ibatis.binding.BindingException: Invalid bound statement (not found): com.study.middleware.model.mapper.ItemMapper.selectByCode] with root cause
org.apache.ibatis.binding.BindingException: Invalid bound statement (not found): com.study.middleware.model.mapper.ItemMapper.selectByCode
	at org.apache.ibatis.binding.MapperMethod$SqlCommand.<init>(MapperMethod.java:235)
	at org.apache.ibatis.binding.MapperMethod.<init>(MapperMethod.java:53)
	at org.apache.ibatis.binding.MapperProxy.lambda$cachedInvoker$0(MapperProxy.java:115)
	at java.util.concurrent.ConcurrentHashMap.computeIfAbsent(ConcurrentHashMap.java:1660)
	at org.apache.ibatis.binding.MapperProxy.cachedInvoker(MapperProxy.java:102)
	at org.apache.ibatis.binding.MapperProxy.invoke(MapperProxy.java:85)
	at com.sun.proxy.$Proxy57.selectByCode(Unknown Source)
	at com.study.middleware.server.service.redis.CachePassService.getItemByCode(CachePassService.java:27)
	at com.study.middleware.server.controller.redis.CachePassController.getItem(CachePassController.java:28)
	at sun.reflect.NativeMethodAccessorImpl.invoke0(Native Method)
	at sun.reflect.NativeMethodAccessorImpl.invoke(NativeMethodAccessorImpl.java:62)
	at sun.reflect.DelegatingMethodAccessorImpl.invoke(DelegatingMethodAccessorImpl.java:43)
	at java.lang.reflect.Method.invoke(Method.java:498)
	at org.springframework.web.method.support.InvocableHandlerMethod.doInvoke(InvocableHandlerMethod.java:190)
	at org.springframework.web.method.support.InvocableHandlerMethod.invokeForRequest(InvocableHandlerMethod.java:138)
	at org.springframework.web.servlet.mvc.method.annotation.ServletInvocableHandlerMethod.invokeAndHandle(ServletInvocableHandlerMethod.java:105)
	at org.springframework.web.servlet.mvc.method.annotation.RequestMappingHandlerAdapter.invokeHandlerMethod(RequestMappingHandlerAdapter.java:878)
	at org.springframework.web.servlet.mvc.method.annotation.RequestMappingHandlerAdapter.handleInternal(RequestMappingHandlerAdapter.java:792)
	at org.springframework.web.servlet.mvc.method.AbstractHandlerMethodAdapter.handle(AbstractHandlerMethodAdapter.java:87)
	at org.springframework.web.servlet.DispatcherServlet.doDispatch(DispatcherServlet.java:1040)
	at org.springframework.web.servlet.DispatcherServlet.doService(DispatcherServlet.java:943)
	at org.springframework.web.servlet.FrameworkServlet.processRequest(FrameworkServlet.java:1006)
	at org.springframework.web.servlet.FrameworkServlet.doGet(FrameworkServlet.java:898)
	at javax.servlet.http.HttpServlet.service(HttpServlet.java:626)
	at org.springframework.web.servlet.FrameworkServlet.service(FrameworkServlet.java:883)
	at javax.servlet.http.HttpServlet.service(HttpServlet.java:733)
	at org.apache.catalina.core.ApplicationFilterChain.internalDoFilter(ApplicationFilterChain.java:231)
	at org.apache.catalina.core.ApplicationFilterChain.doFilter(ApplicationFilterChain.java:166)
	at org.apache.tomcat.websocket.server.WsFilter.doFilter(WsFilter.java:53)
	at org.apache.catalina.core.ApplicationFilterChain.internalDoFilter(ApplicationFilterChain.java:193)
	at org.apache.catalina.core.ApplicationFilterChain.doFilter(ApplicationFilterChain.java:166)
	at org.springframework.web.filter.RequestContextFilter.doFilterInternal(RequestContextFilter.java:100)
	at org.springframework.web.filter.OncePerRequestFilter.doFilter(OncePerRequestFilter.java:119)
	at org.apache.catalina.core.ApplicationFilterChain.internalDoFilter(ApplicationFilterChain.java:193)
	at org.apache.catalina.core.ApplicationFilterChain.doFilter(ApplicationFilterChain.java:166)
	at org.springframework.web.filter.FormContentFilter.doFilterInternal(FormContentFilter.java:93)
	at org.springframework.web.filter.OncePerRequestFilter.doFilter(OncePerRequestFilter.java:119)
	at org.apache.catalina.core.ApplicationFilterChain.internalDoFilter(ApplicationFilterChain.java:193)
	at org.apache.catalina.core.ApplicationFilterChain.doFilter(ApplicationFilterChain.java:166)
	at org.springframework.web.filter.CharacterEncodingFilter.doFilterInternal(CharacterEncodingFilter.java:201)
	at org.springframework.web.filter.OncePerRequestFilter.doFilter(OncePerRequestFilter.java:119)
	at org.apache.catalina.core.ApplicationFilterChain.internalDoFilter(ApplicationFilterChain.java:193)
	at org.apache.catalina.core.ApplicationFilterChain.doFilter(ApplicationFilterChain.java:166)
	at org.apache.catalina.core.StandardWrapperValve.invoke(StandardWrapperValve.java:202)
	at org.apache.catalina.core.StandardContextValve.invoke(StandardContextValve.java:97)
	at org.apache.catalina.authenticator.AuthenticatorBase.invoke(AuthenticatorBase.java:541)
	at org.apache.catalina.core.StandardHostValve.invoke(StandardHostValve.java:143)
	at org.apache.catalina.valves.ErrorReportValve.invoke(ErrorReportValve.java:92)
	at org.apache.catalina.core.StandardEngineValve.invoke(StandardEngineValve.java:78)
	at org.apache.catalina.connector.CoyoteAdapter.service(CoyoteAdapter.java:343)
	at org.apache.coyote.http11.Http11Processor.service(Http11Processor.java:374)
	at org.apache.coyote.AbstractProcessorLight.process(AbstractProcessorLight.java:65)
	at org.apache.coyote.AbstractProtocol$ConnectionHandler.process(AbstractProtocol.java:868)
	at org.apache.tomcat.util.net.NioEndpoint$SocketProcessor.doRun(NioEndpoint.java:1590)
	at org.apache.tomcat.util.net.SocketProcessorBase.run(SocketProcessorBase.java:49)
	at java.util.concurrent.ThreadPoolExecutor.runWorker(ThreadPoolExecutor.java:1149)
	at java.util.concurrent.ThreadPoolExecutor$Worker.run(ThreadPoolExecutor.java:624)
	at org.apache.tomcat.util.threads.TaskThread$WrappingRunnable.run(TaskThread.java:61)
	at java.lang.Thread.run(Thread.java:748)
2020-10-19 10:24:54,108 [main] INFO MainApplication - Starting MainApplication on DESKTOP-HE3N4PT with PID 20308 (E:\Java\middleware\server\target\classes started by Puppy_x in E:\Java\middleware)
2020-10-19 10:24:54,111 [main] DEBUG MainApplication - Running with Spring Boot v2.3.4.RELEASE, Spring v5.2.9.RELEASE
2020-10-19 10:24:54,111 [main] INFO MainApplication - No active profile set, falling back to default profiles: default
2020-10-19 10:24:54,555 [main] INFO RepositoryConfigurationDelegate - Multiple Spring Data modules found, entering strict repository configuration mode!
2020-10-19 10:24:54,556 [main] INFO RepositoryConfigurationDelegate - Bootstrapping Spring Data Redis repositories in DEFAULT mode.
2020-10-19 10:24:54,576 [main] INFO RepositoryConfigurationDelegate - Finished Spring Data repository scanning in 10ms. Found 0 Redis repository interfaces.
2020-10-19 10:24:54,891 [main] INFO TomcatWebServer - Tomcat initialized with port(s): 8001 (http)
2020-10-19 10:24:54,972 [main] INFO ServletWebServerApplicationContext - Root WebApplicationContext: initialization completed in 826 ms
2020-10-19 10:24:55,378 [main] INFO ThreadPoolTaskExecutor - Initializing ExecutorService 'applicationTaskExecutor'
2020-10-19 10:24:55,548 [main] INFO TomcatWebServer - Tomcat started on port(s): 8001 (http) with context path '/middleware'
2020-10-19 10:24:55,555 [main] INFO MainApplication - Started MainApplication in 1.743 seconds (JVM running for 2.895)
2020-10-19 10:25:01,102 [http-nio-8001-exec-4] INFO DispatcherServlet - Initializing Servlet 'dispatcherServlet'
2020-10-19 10:25:01,105 [http-nio-8001-exec-4] INFO DispatcherServlet - Completed initialization in 3 ms
2020-10-19 10:25:01,126 [http-nio-8001-exec-4] INFO CachePassController - getItem
2020-10-19 10:25:01,126 [http-nio-8001-exec-4] INFO CachePassService - code: book1
2020-10-19 10:25:01,134 [http-nio-8001-exec-4] ERROR [dispatcherServlet] - Servlet.service() for servlet [dispatcherServlet] in context with path [/middleware] threw exception [Request processing failed; nested exception is org.apache.ibatis.binding.BindingException: Invalid bound statement (not found): com.study.middleware.model.mapper.ItemMapper.selectByCode] with root cause
org.apache.ibatis.binding.BindingException: Invalid bound statement (not found): com.study.middleware.model.mapper.ItemMapper.selectByCode
	at org.apache.ibatis.binding.MapperMethod$SqlCommand.<init>(MapperMethod.java:235)
	at org.apache.ibatis.binding.MapperMethod.<init>(MapperMethod.java:53)
	at org.apache.ibatis.binding.MapperProxy.lambda$cachedInvoker$0(MapperProxy.java:115)
	at java.util.concurrent.ConcurrentHashMap.computeIfAbsent(ConcurrentHashMap.java:1660)
	at org.apache.ibatis.binding.MapperProxy.cachedInvoker(MapperProxy.java:102)
	at org.apache.ibatis.binding.MapperProxy.invoke(MapperProxy.java:85)
	at com.sun.proxy.$Proxy57.selectByCode(Unknown Source)
	at com.study.middleware.server.service.redis.CachePassService.getItemByCode(CachePassService.java:25)
	at com.study.middleware.server.controller.redis.CachePassController.getItem(CachePassController.java:28)
	at sun.reflect.NativeMethodAccessorImpl.invoke0(Native Method)
	at sun.reflect.NativeMethodAccessorImpl.invoke(NativeMethodAccessorImpl.java:62)
	at sun.reflect.DelegatingMethodAccessorImpl.invoke(DelegatingMethodAccessorImpl.java:43)
	at java.lang.reflect.Method.invoke(Method.java:498)
	at org.springframework.web.method.support.InvocableHandlerMethod.doInvoke(InvocableHandlerMethod.java:190)
	at org.springframework.web.method.support.InvocableHandlerMethod.invokeForRequest(InvocableHandlerMethod.java:138)
	at org.springframework.web.servlet.mvc.method.annotation.ServletInvocableHandlerMethod.invokeAndHandle(ServletInvocableHandlerMethod.java:105)
	at org.springframework.web.servlet.mvc.method.annotation.RequestMappingHandlerAdapter.invokeHandlerMethod(RequestMappingHandlerAdapter.java:878)
	at org.springframework.web.servlet.mvc.method.annotation.RequestMappingHandlerAdapter.handleInternal(RequestMappingHandlerAdapter.java:792)
	at org.springframework.web.servlet.mvc.method.AbstractHandlerMethodAdapter.handle(AbstractHandlerMethodAdapter.java:87)
	at org.springframework.web.servlet.DispatcherServlet.doDispatch(DispatcherServlet.java:1040)
	at org.springframework.web.servlet.DispatcherServlet.doService(DispatcherServlet.java:943)
	at org.springframework.web.servlet.FrameworkServlet.processRequest(FrameworkServlet.java:1006)
	at org.springframework.web.servlet.FrameworkServlet.doGet(FrameworkServlet.java:898)
	at javax.servlet.http.HttpServlet.service(HttpServlet.java:626)
	at org.springframework.web.servlet.FrameworkServlet.service(FrameworkServlet.java:883)
	at javax.servlet.http.HttpServlet.service(HttpServlet.java:733)
	at org.apache.catalina.core.ApplicationFilterChain.internalDoFilter(ApplicationFilterChain.java:231)
	at org.apache.catalina.core.ApplicationFilterChain.doFilter(ApplicationFilterChain.java:166)
	at org.apache.tomcat.websocket.server.WsFilter.doFilter(WsFilter.java:53)
	at org.apache.catalina.core.ApplicationFilterChain.internalDoFilter(ApplicationFilterChain.java:193)
	at org.apache.catalina.core.ApplicationFilterChain.doFilter(ApplicationFilterChain.java:166)
	at org.springframework.web.filter.RequestContextFilter.doFilterInternal(RequestContextFilter.java:100)
	at org.springframework.web.filter.OncePerRequestFilter.doFilter(OncePerRequestFilter.java:119)
	at org.apache.catalina.core.ApplicationFilterChain.internalDoFilter(ApplicationFilterChain.java:193)
	at org.apache.catalina.core.ApplicationFilterChain.doFilter(ApplicationFilterChain.java:166)
	at org.springframework.web.filter.FormContentFilter.doFilterInternal(FormContentFilter.java:93)
	at org.springframework.web.filter.OncePerRequestFilter.doFilter(OncePerRequestFilter.java:119)
	at org.apache.catalina.core.ApplicationFilterChain.internalDoFilter(ApplicationFilterChain.java:193)
	at org.apache.catalina.core.ApplicationFilterChain.doFilter(ApplicationFilterChain.java:166)
	at org.springframework.web.filter.CharacterEncodingFilter.doFilterInternal(CharacterEncodingFilter.java:201)
	at org.springframework.web.filter.OncePerRequestFilter.doFilter(OncePerRequestFilter.java:119)
	at org.apache.catalina.core.ApplicationFilterChain.internalDoFilter(ApplicationFilterChain.java:193)
	at org.apache.catalina.core.ApplicationFilterChain.doFilter(ApplicationFilterChain.java:166)
	at org.apache.catalina.core.StandardWrapperValve.invoke(StandardWrapperValve.java:202)
	at org.apache.catalina.core.StandardContextValve.invoke(StandardContextValve.java:97)
	at org.apache.catalina.authenticator.AuthenticatorBase.invoke(AuthenticatorBase.java:541)
	at org.apache.catalina.core.StandardHostValve.invoke(StandardHostValve.java:143)
	at org.apache.catalina.valves.ErrorReportValve.invoke(ErrorReportValve.java:92)
	at org.apache.catalina.core.StandardEngineValve.invoke(StandardEngineValve.java:78)
	at org.apache.catalina.connector.CoyoteAdapter.service(CoyoteAdapter.java:343)
	at org.apache.coyote.http11.Http11Processor.service(Http11Processor.java:374)
	at org.apache.coyote.AbstractProcessorLight.process(AbstractProcessorLight.java:65)
	at org.apache.coyote.AbstractProtocol$ConnectionHandler.process(AbstractProtocol.java:868)
	at org.apache.tomcat.util.net.NioEndpoint$SocketProcessor.doRun(NioEndpoint.java:1590)
	at org.apache.tomcat.util.net.SocketProcessorBase.run(SocketProcessorBase.java:49)
	at java.util.concurrent.ThreadPoolExecutor.runWorker(ThreadPoolExecutor.java:1149)
	at java.util.concurrent.ThreadPoolExecutor$Worker.run(ThreadPoolExecutor.java:624)
	at org.apache.tomcat.util.threads.TaskThread$WrappingRunnable.run(TaskThread.java:61)
	at java.lang.Thread.run(Thread.java:748)
2020-10-19 10:38:13,479 [main] INFO MainApplication - Starting MainApplication on DESKTOP-HE3N4PT with PID 11400 (E:\Java\middleware\server\target\classes started by Puppy_x in E:\Java\middleware)
2020-10-19 10:38:13,481 [main] DEBUG MainApplication - Running with Spring Boot v2.3.4.RELEASE, Spring v5.2.9.RELEASE
2020-10-19 10:38:13,482 [main] INFO MainApplication - No active profile set, falling back to default profiles: default
2020-10-19 10:38:13,898 [main] INFO RepositoryConfigurationDelegate - Multiple Spring Data modules found, entering strict repository configuration mode!
2020-10-19 10:38:13,900 [main] INFO RepositoryConfigurationDelegate - Bootstrapping Spring Data Redis repositories in DEFAULT mode.
2020-10-19 10:38:13,920 [main] INFO RepositoryConfigurationDelegate - Finished Spring Data repository scanning in 11ms. Found 0 Redis repository interfaces.
2020-10-19 10:38:14,235 [main] INFO TomcatWebServer - Tomcat initialized with port(s): 8001 (http)
2020-10-19 10:38:14,312 [main] INFO ServletWebServerApplicationContext - Root WebApplicationContext: initialization completed in 782 ms
2020-10-19 10:38:14,464 [main] WARN AnnotationConfigServletWebServerApplicationContext - Exception encountered during context initialization - cancelling refresh attempt: org.springframework.beans.factory.BeanCreationException: Error creating bean with name 'cachePassController': Injection of resource dependencies failed; nested exception is org.springframework.beans.factory.NoSuchBeanDefinitionException: No qualifying bean of type 'com.study.middleware.server.service.CachePassService' available: expected at least 1 bean which qualifies as autowire candidate. Dependency annotations: {@javax.annotation.Resource(shareable=true, lookup=, name=, description=, authenticationType=CONTAINER, type=class java.lang.Object, mappedName=)}
2020-10-19 10:38:14,490 [main] INFO ConditionEvaluationReportLoggingListener - 

Error starting ApplicationContext. To display the conditions report re-run your application with 'debug' enabled.
2020-10-19 10:38:14,554 [main] ERROR LoggingFailureAnalysisReporter - 

***************************
APPLICATION FAILED TO START
***************************

Description:

A component required a bean of type 'com.study.middleware.server.service.CachePassService' that could not be found.


Action:

Consider defining a bean of type 'com.study.middleware.server.service.CachePassService' in your configuration.

2020-10-19 10:38:29,648 [main] INFO MainApplication - Starting MainApplication on DESKTOP-HE3N4PT with PID 4196 (E:\Java\middleware\server\target\classes started by Puppy_x in E:\Java\middleware)
2020-10-19 10:38:29,651 [main] DEBUG MainApplication - Running with Spring Boot v2.3.4.RELEASE, Spring v5.2.9.RELEASE
2020-10-19 10:38:29,652 [main] INFO MainApplication - No active profile set, falling back to default profiles: default
2020-10-19 10:38:30,053 [main] INFO RepositoryConfigurationDelegate - Multiple Spring Data modules found, entering strict repository configuration mode!
2020-10-19 10:38:30,054 [main] INFO RepositoryConfigurationDelegate - Bootstrapping Spring Data Redis repositories in DEFAULT mode.
2020-10-19 10:38:30,069 [main] INFO RepositoryConfigurationDelegate - Finished Spring Data repository scanning in 6ms. Found 0 Redis repository interfaces.
2020-10-19 10:38:30,130 [main] WARN ClassPathMapperScanner - No MyBatis mapper was found in '[com.study.middleware.server]' package. Please check your configuration.
2020-10-19 10:38:30,379 [main] INFO TomcatWebServer - Tomcat initialized with port(s): 8001 (http)
2020-10-19 10:38:30,456 [main] INFO ServletWebServerApplicationContext - Root WebApplicationContext: initialization completed in 768 ms
2020-10-19 10:38:30,601 [main] WARN AnnotationConfigServletWebServerApplicationContext - Exception encountered during context initialization - cancelling refresh attempt: org.springframework.beans.factory.BeanCreationException: Error creating bean with name 'cachePassController': Injection of resource dependencies failed; nested exception is org.springframework.beans.factory.NoSuchBeanDefinitionException: No qualifying bean of type 'com.study.middleware.server.service.CachePassService' available: expected at least 1 bean which qualifies as autowire candidate. Dependency annotations: {@javax.annotation.Resource(shareable=true, lookup=, name=, description=, authenticationType=CONTAINER, type=class java.lang.Object, mappedName=)}
2020-10-19 10:38:30,627 [main] INFO ConditionEvaluationReportLoggingListener - 

Error starting ApplicationContext. To display the conditions report re-run your application with 'debug' enabled.
2020-10-19 10:38:30,693 [main] ERROR LoggingFailureAnalysisReporter - 

***************************
APPLICATION FAILED TO START
***************************

Description:

A component required a bean of type 'com.study.middleware.server.service.CachePassService' that could not be found.


Action:

Consider defining a bean of type 'com.study.middleware.server.service.CachePassService' in your configuration.

2020-10-19 10:39:17,876 [main] INFO MainApplication - Starting MainApplication on DESKTOP-HE3N4PT with PID 12816 (E:\Java\middleware\server\target\classes started by Puppy_x in E:\Java\middleware)
2020-10-19 10:39:17,879 [main] DEBUG MainApplication - Running with Spring Boot v2.3.4.RELEASE, Spring v5.2.9.RELEASE
2020-10-19 10:39:17,880 [main] INFO MainApplication - No active profile set, falling back to default profiles: default
2020-10-19 10:39:18,312 [main] INFO RepositoryConfigurationDelegate - Multiple Spring Data modules found, entering strict repository configuration mode!
2020-10-19 10:39:18,313 [main] INFO RepositoryConfigurationDelegate - Bootstrapping Spring Data Redis repositories in DEFAULT mode.
2020-10-19 10:39:18,327 [main] INFO RepositoryConfigurationDelegate - Finished Spring Data repository scanning in 5ms. Found 0 Redis repository interfaces.
2020-10-19 10:39:18,387 [main] WARN ClassPathMapperScanner - No MyBatis mapper was found in '[com.study.middleware.server]' package. Please check your configuration.
2020-10-19 10:39:18,630 [main] INFO TomcatWebServer - Tomcat initialized with port(s): 8001 (http)
2020-10-19 10:39:18,708 [main] INFO ServletWebServerApplicationContext - Root WebApplicationContext: initialization completed in 790 ms
2020-10-19 10:39:18,866 [main] WARN AnnotationConfigServletWebServerApplicationContext - Exception encountered during context initialization - cancelling refresh attempt: org.springframework.beans.factory.BeanCreationException: Error creating bean with name 'cachePassController': Injection of resource dependencies failed; nested exception is org.springframework.beans.factory.BeanCreationException: Error creating bean with name 'cachePassServiceImpl': Injection of resource dependencies failed; nested exception is org.springframework.beans.factory.NoSuchBeanDefinitionException: No qualifying bean of type 'com.study.middleware.model.mapper.ItemMapper' available: expected at least 1 bean which qualifies as autowire candidate. Dependency annotations: {@javax.annotation.Resource(shareable=true, lookup=, name=, description=, authenticationType=CONTAINER, type=class java.lang.Object, mappedName=)}
2020-10-19 10:39:18,895 [main] INFO ConditionEvaluationReportLoggingListener - 

Error starting ApplicationContext. To display the conditions report re-run your application with 'debug' enabled.
2020-10-19 10:39:18,961 [main] ERROR LoggingFailureAnalysisReporter - 

***************************
APPLICATION FAILED TO START
***************************

Description:

A component required a bean of type 'com.study.middleware.model.mapper.ItemMapper' that could not be found.


Action:

Consider defining a bean of type 'com.study.middleware.model.mapper.ItemMapper' in your configuration.

2020-10-19 10:39:47,041 [main] INFO MainApplication - Starting MainApplication on DESKTOP-HE3N4PT with PID 13764 (E:\Java\middleware\server\target\classes started by Puppy_x in E:\Java\middleware)
2020-10-19 10:39:47,044 [main] DEBUG MainApplication - Running with Spring Boot v2.3.4.RELEASE, Spring v5.2.9.RELEASE
2020-10-19 10:39:47,044 [main] INFO MainApplication - No active profile set, falling back to default profiles: default
2020-10-19 10:39:47,447 [main] INFO RepositoryConfigurationDelegate - Multiple Spring Data modules found, entering strict repository configuration mode!
2020-10-19 10:39:47,449 [main] INFO RepositoryConfigurationDelegate - Bootstrapping Spring Data Redis repositories in DEFAULT mode.
2020-10-19 10:39:47,469 [main] INFO RepositoryConfigurationDelegate - Finished Spring Data repository scanning in 10ms. Found 0 Redis repository interfaces.
2020-10-19 10:39:47,776 [main] INFO TomcatWebServer - Tomcat initialized with port(s): 8001 (http)
2020-10-19 10:39:47,855 [main] INFO ServletWebServerApplicationContext - Root WebApplicationContext: initialization completed in 772 ms
2020-10-19 10:39:49,227 [main] INFO ThreadPoolTaskExecutor - Initializing ExecutorService 'applicationTaskExecutor'
2020-10-19 10:39:49,394 [main] INFO TomcatWebServer - Tomcat started on port(s): 8001 (http) with context path '/middleware'
2020-10-19 10:39:49,401 [main] INFO MainApplication - Started MainApplication in 2.659 seconds (JVM running for 3.746)
2020-10-19 10:39:53,019 [http-nio-8001-exec-2] INFO DispatcherServlet - Initializing Servlet 'dispatcherServlet'
2020-10-19 10:39:53,023 [http-nio-8001-exec-2] INFO DispatcherServlet - Completed initialization in 4 ms
2020-10-19 10:39:53,045 [http-nio-8001-exec-2] INFO CachePassController - getItem
2020-10-19 10:39:53,248 [http-nio-8001-exec-2] DEBUG selectOne - ==>  Preparing: SELECT id,code,name,create_time FROM item WHERE (code = ?) 
2020-10-19 10:39:53,261 [http-nio-8001-exec-2] DEBUG selectOne - ==> Parameters: book1(String)
2020-10-19 10:39:53,270 [http-nio-8001-exec-2] DEBUG selectOne - <==      Total: 1
2020-10-19 11:41:27,941 [main] INFO MainApplication - Starting MainApplication on DESKTOP-HE3N4PT with PID 16220 (E:\Java\middleware\server\target\classes started by Puppy_x in E:\Java\middleware)
2020-10-19 11:41:27,943 [main] DEBUG MainApplication - Running with Spring Boot v2.3.4.RELEASE, Spring v5.2.9.RELEASE
2020-10-19 11:41:27,944 [main] INFO MainApplication - No active profile set, falling back to default profiles: default
2020-10-19 11:41:28,362 [main] INFO RepositoryConfigurationDelegate - Multiple Spring Data modules found, entering strict repository configuration mode!
2020-10-19 11:41:28,363 [main] INFO RepositoryConfigurationDelegate - Bootstrapping Spring Data Redis repositories in DEFAULT mode.
2020-10-19 11:41:28,382 [main] INFO RepositoryConfigurationDelegate - Finished Spring Data repository scanning in 10ms. Found 0 Redis repository interfaces.
2020-10-19 11:41:28,692 [main] INFO TomcatWebServer - Tomcat initialized with port(s): 8001 (http)
2020-10-19 11:41:28,774 [main] INFO ServletWebServerApplicationContext - Root WebApplicationContext: initialization completed in 790 ms
2020-10-19 11:41:30,148 [main] INFO ThreadPoolTaskExecutor - Initializing ExecutorService 'applicationTaskExecutor'
2020-10-19 11:41:30,318 [main] INFO TomcatWebServer - Tomcat started on port(s): 8001 (http) with context path '/middleware'
2020-10-19 11:41:30,325 [main] INFO MainApplication - Started MainApplication in 2.676 seconds (JVM running for 3.748)
2020-10-19 11:41:34,546 [http-nio-8001-exec-3] INFO DispatcherServlet - Initializing Servlet 'dispatcherServlet'
2020-10-19 11:41:34,550 [http-nio-8001-exec-3] INFO DispatcherServlet - Completed initialization in 4 ms
2020-10-19 11:41:34,574 [http-nio-8001-exec-3] INFO CachePassController - getItem
2020-10-19 11:41:34,776 [http-nio-8001-exec-3] DEBUG selectOne - ==>  Preparing: SELECT id,code,name,create_time FROM item WHERE (code = ?) 
2020-10-19 11:41:34,791 [http-nio-8001-exec-3] DEBUG selectOne - ==> Parameters: book1(String)
2020-10-19 11:41:34,802 [http-nio-8001-exec-3] DEBUG selectOne - <==      Total: 1
2020-10-19 11:41:34,835 [http-nio-8001-exec-3] WARN DefaultHandlerExceptionResolver - Resolved [org.springframework.http.converter.HttpMessageNotWritableException: No converter found for return value of type: class com.study.middleware.server.common.R]
2020-10-19 11:42:06,754 [main] INFO MainApplication - Starting MainApplication on DESKTOP-HE3N4PT with PID 14260 (E:\Java\middleware\server\target\classes started by Puppy_x in E:\Java\middleware)
2020-10-19 11:42:06,756 [main] DEBUG MainApplication - Running with Spring Boot v2.3.4.RELEASE, Spring v5.2.9.RELEASE
2020-10-19 11:42:06,756 [main] INFO MainApplication - No active profile set, falling back to default profiles: default
2020-10-19 11:42:07,174 [main] INFO RepositoryConfigurationDelegate - Multiple Spring Data modules found, entering strict repository configuration mode!
2020-10-19 11:42:07,175 [main] INFO RepositoryConfigurationDelegate - Bootstrapping Spring Data Redis repositories in DEFAULT mode.
2020-10-19 11:42:07,195 [main] INFO RepositoryConfigurationDelegate - Finished Spring Data repository scanning in 10ms. Found 0 Redis repository interfaces.
2020-10-19 11:42:07,507 [main] INFO TomcatWebServer - Tomcat initialized with port(s): 8001 (http)
2020-10-19 11:42:07,587 [main] INFO ServletWebServerApplicationContext - Root WebApplicationContext: initialization completed in 793 ms
2020-10-19 11:42:08,934 [main] INFO ThreadPoolTaskExecutor - Initializing ExecutorService 'applicationTaskExecutor'
2020-10-19 11:42:09,127 [main] INFO TomcatWebServer - Tomcat started on port(s): 8001 (http) with context path '/middleware'
2020-10-19 11:42:09,134 [main] INFO MainApplication - Started MainApplication in 2.661 seconds (JVM running for 3.723)
2020-10-19 11:42:11,122 [http-nio-8001-exec-2] INFO DispatcherServlet - Initializing Servlet 'dispatcherServlet'
2020-10-19 11:42:11,127 [http-nio-8001-exec-2] INFO DispatcherServlet - Completed initialization in 4 ms
2020-10-19 11:42:11,151 [http-nio-8001-exec-2] INFO CachePassController - getItem
2020-10-19 11:42:11,338 [http-nio-8001-exec-2] DEBUG selectOne - ==>  Preparing: SELECT id,code,name,create_time FROM item WHERE (code = ?) 
2020-10-19 11:42:11,358 [http-nio-8001-exec-2] DEBUG selectOne - ==> Parameters: book1(String)
2020-10-19 11:42:11,368 [http-nio-8001-exec-2] DEBUG selectOne - <==      Total: 1
2020-10-19 11:42:30,803 [main] INFO MainApplication - Starting MainApplication on DESKTOP-HE3N4PT with PID 16884 (E:\Java\middleware\server\target\classes started by Puppy_x in E:\Java\middleware)
2020-10-19 11:42:30,805 [main] DEBUG MainApplication - Running with Spring Boot v2.3.4.RELEASE, Spring v5.2.9.RELEASE
2020-10-19 11:42:30,806 [main] INFO MainApplication - No active profile set, falling back to default profiles: default
2020-10-19 11:42:31,216 [main] INFO RepositoryConfigurationDelegate - Multiple Spring Data modules found, entering strict repository configuration mode!
2020-10-19 11:42:31,218 [main] INFO RepositoryConfigurationDelegate - Bootstrapping Spring Data Redis repositories in DEFAULT mode.
2020-10-19 11:42:31,237 [main] INFO RepositoryConfigurationDelegate - Finished Spring Data repository scanning in 10ms. Found 0 Redis repository interfaces.
2020-10-19 11:42:31,545 [main] INFO TomcatWebServer - Tomcat initialized with port(s): 8001 (http)
2020-10-19 11:42:31,622 [main] INFO ServletWebServerApplicationContext - Root WebApplicationContext: initialization completed in 777 ms
2020-10-19 11:42:32,943 [main] INFO ThreadPoolTaskExecutor - Initializing ExecutorService 'applicationTaskExecutor'
2020-10-19 11:42:33,119 [main] INFO TomcatWebServer - Tomcat started on port(s): 8001 (http) with context path '/middleware'
2020-10-19 11:42:33,129 [main] INFO MainApplication - Started MainApplication in 2.609 seconds (JVM running for 3.696)
2020-10-19 11:42:33,264 [http-nio-8001-exec-1] INFO DispatcherServlet - Initializing Servlet 'dispatcherServlet'
2020-10-19 11:42:33,269 [http-nio-8001-exec-1] INFO DispatcherServlet - Completed initialization in 3 ms
2020-10-19 11:42:33,288 [http-nio-8001-exec-1] INFO CachePassController - getItem
2020-10-19 11:42:33,480 [http-nio-8001-exec-1] DEBUG selectOne - ==>  Preparing: SELECT id,code,name,create_time FROM item WHERE (code = ?) 
2020-10-19 11:42:33,492 [http-nio-8001-exec-1] DEBUG selectOne - ==> Parameters: book1(String)
2020-10-19 11:42:33,500 [http-nio-8001-exec-1] DEBUG selectOne - <==      Total: 1
2020-10-19 11:42:37,471 [http-nio-8001-exec-5] INFO CachePassController - getItem
2020-10-19 11:42:37,472 [http-nio-8001-exec-5] DEBUG selectOne - ==>  Preparing: SELECT id,code,name,create_time FROM item WHERE (code = ?) 
2020-10-19 11:42:37,472 [http-nio-8001-exec-5] DEBUG selectOne - ==> Parameters: book1(String)
2020-10-19 11:42:37,473 [http-nio-8001-exec-5] DEBUG selectOne - <==      Total: 1
2020-10-19 11:42:41,524 [http-nio-8001-exec-4] INFO CachePassController - getItem
2020-10-19 11:42:41,525 [http-nio-8001-exec-4] DEBUG selectOne - ==>  Preparing: SELECT id,code,name,create_time FROM item WHERE (code = ?) 
2020-10-19 11:42:41,526 [http-nio-8001-exec-4] DEBUG selectOne - ==> Parameters: book2(String)
2020-10-19 11:42:41,527 [http-nio-8001-exec-4] DEBUG selectOne - <==      Total: 0
2020-10-19 11:42:45,319 [http-nio-8001-exec-3] INFO CachePassController - getItem
2020-10-19 11:42:45,321 [http-nio-8001-exec-3] DEBUG selectOne - ==>  Preparing: SELECT id,code,name,create_time FROM item WHERE (code = ?) 
2020-10-19 11:42:45,321 [http-nio-8001-exec-3] DEBUG selectOne - ==> Parameters: book1(String)
2020-10-19 11:42:45,322 [http-nio-8001-exec-3] DEBUG selectOne - <==      Total: 1
2020-10-19 11:43:05,268 [main] INFO MainApplication - Starting MainApplication on DESKTOP-HE3N4PT with PID 10032 (E:\Java\middleware\server\target\classes started by Puppy_x in E:\Java\middleware)
2020-10-19 11:43:05,270 [main] DEBUG MainApplication - Running with Spring Boot v2.3.4.RELEASE, Spring v5.2.9.RELEASE
2020-10-19 11:43:05,271 [main] INFO MainApplication - No active profile set, falling back to default profiles: default
2020-10-19 11:43:05,676 [main] INFO RepositoryConfigurationDelegate - Multiple Spring Data modules found, entering strict repository configuration mode!
2020-10-19 11:43:05,677 [main] INFO RepositoryConfigurationDelegate - Bootstrapping Spring Data Redis repositories in DEFAULT mode.
2020-10-19 11:43:05,696 [main] INFO RepositoryConfigurationDelegate - Finished Spring Data repository scanning in 10ms. Found 0 Redis repository interfaces.
2020-10-19 11:43:06,004 [main] INFO TomcatWebServer - Tomcat initialized with port(s): 8001 (http)
2020-10-19 11:43:06,083 [main] INFO ServletWebServerApplicationContext - Root WebApplicationContext: initialization completed in 777 ms
2020-10-19 11:43:07,399 [main] INFO ThreadPoolTaskExecutor - Initializing ExecutorService 'applicationTaskExecutor'
2020-10-19 11:43:07,564 [main] INFO TomcatWebServer - Tomcat started on port(s): 8001 (http) with context path '/middleware'
2020-10-19 11:43:07,571 [main] INFO MainApplication - Started MainApplication in 2.584 seconds (JVM running for 3.686)
2020-10-19 11:43:09,020 [http-nio-8001-exec-3] INFO DispatcherServlet - Initializing Servlet 'dispatcherServlet'
2020-10-19 11:43:09,024 [http-nio-8001-exec-3] INFO DispatcherServlet - Completed initialization in 4 ms
2020-10-19 11:43:09,046 [http-nio-8001-exec-3] INFO CachePassController - getItem
2020-10-19 11:43:09,237 [http-nio-8001-exec-3] DEBUG selectOne - ==>  Preparing: SELECT id,code,name,create_time FROM item WHERE (code = ?) 
2020-10-19 11:43:09,249 [http-nio-8001-exec-3] DEBUG selectOne - ==> Parameters: book1(String)
2020-10-19 11:43:09,257 [http-nio-8001-exec-3] DEBUG selectOne - <==      Total: 1
2020-10-19 11:43:17,272 [main] INFO MainApplication - Starting MainApplication on DESKTOP-HE3N4PT with PID 20272 (E:\Java\middleware\server\target\classes started by Puppy_x in E:\Java\middleware)
2020-10-19 11:43:17,275 [main] DEBUG MainApplication - Running with Spring Boot v2.3.4.RELEASE, Spring v5.2.9.RELEASE
2020-10-19 11:43:17,276 [main] INFO MainApplication - No active profile set, falling back to default profiles: default
2020-10-19 11:43:17,701 [main] INFO RepositoryConfigurationDelegate - Multiple Spring Data modules found, entering strict repository configuration mode!
2020-10-19 11:43:17,702 [main] INFO RepositoryConfigurationDelegate - Bootstrapping Spring Data Redis repositories in DEFAULT mode.
2020-10-19 11:43:17,722 [main] INFO RepositoryConfigurationDelegate - Finished Spring Data repository scanning in 10ms. Found 0 Redis repository interfaces.
2020-10-19 11:43:18,029 [main] INFO TomcatWebServer - Tomcat initialized with port(s): 8001 (http)
2020-10-19 11:43:18,109 [main] INFO ServletWebServerApplicationContext - Root WebApplicationContext: initialization completed in 792 ms
2020-10-19 11:43:19,453 [main] INFO ThreadPoolTaskExecutor - Initializing ExecutorService 'applicationTaskExecutor'
2020-10-19 11:43:19,619 [main] INFO TomcatWebServer - Tomcat started on port(s): 8001 (http) with context path '/middleware'
2020-10-19 11:43:19,626 [main] INFO MainApplication - Started MainApplication in 2.62 seconds (JVM running for 3.667)
2020-10-19 11:43:20,499 [http-nio-8001-exec-1] INFO DispatcherServlet - Initializing Servlet 'dispatcherServlet'
2020-10-19 11:43:20,503 [http-nio-8001-exec-1] INFO DispatcherServlet - Completed initialization in 3 ms
2020-10-19 11:43:20,525 [http-nio-8001-exec-1] INFO CachePassController - getItem
2020-10-19 11:43:20,729 [http-nio-8001-exec-1] DEBUG selectOne - ==>  Preparing: SELECT id,code,name,create_time FROM item WHERE (code = ?) 
2020-10-19 11:43:20,742 [http-nio-8001-exec-1] DEBUG selectOne - ==> Parameters: book1(String)
2020-10-19 11:43:20,751 [http-nio-8001-exec-1] DEBUG selectOne - <==      Total: 1
2020-10-19 14:13:49,217 [main] INFO MainApplication - Starting MainApplication on DESKTOP-HE3N4PT with PID 9912 (E:\Java\middleware\server\target\classes started by Puppy_x in E:\Java\middleware)
2020-10-19 14:13:49,218 [main] DEBUG MainApplication - Running with Spring Boot v2.3.4.RELEASE, Spring v5.2.9.RELEASE
2020-10-19 14:13:49,219 [main] INFO MainApplication - No active profile set, falling back to default profiles: default
2020-10-19 14:13:49,640 [main] INFO RepositoryConfigurationDelegate - Multiple Spring Data modules found, entering strict repository configuration mode!
2020-10-19 14:13:49,641 [main] INFO RepositoryConfigurationDelegate - Bootstrapping Spring Data Redis repositories in DEFAULT mode.
2020-10-19 14:13:49,660 [main] INFO RepositoryConfigurationDelegate - Finished Spring Data repository scanning in 10ms. Found 0 Redis repository interfaces.
2020-10-19 14:13:50,000 [main] INFO TomcatWebServer - Tomcat initialized with port(s): 8001 (http)
2020-10-19 14:13:50,087 [main] INFO ServletWebServerApplicationContext - Root WebApplicationContext: initialization completed in 837 ms
2020-10-19 14:13:51,431 [main] INFO ThreadPoolTaskExecutor - Initializing ExecutorService 'applicationTaskExecutor'
2020-10-19 14:13:51,602 [main] INFO TomcatWebServer - Tomcat started on port(s): 8001 (http) with context path '/middleware'
2020-10-19 14:13:51,608 [main] INFO MainApplication - Started MainApplication in 2.684 seconds (JVM running for 3.915)
2020-10-19 14:13:53,728 [http-nio-8001-exec-4] INFO DispatcherServlet - Initializing Servlet 'dispatcherServlet'
2020-10-19 14:13:53,733 [http-nio-8001-exec-4] INFO DispatcherServlet - Completed initialization in 5 ms
2020-10-19 14:13:53,756 [http-nio-8001-exec-4] INFO CachePassController - getItem
2020-10-19 14:13:56,829 [http-nio-8001-exec-4] ERROR [dispatcherServlet] - Servlet.service() for servlet [dispatcherServlet] in context with path [/middleware] threw exception [Request processing failed; nested exception is org.springframework.data.redis.RedisConnectionFailureException: Unable to connect to Redis; nested exception is io.lettuce.core.RedisConnectionException: Unable to connect to 127.0.0.1:6379] with root cause
java.net.ConnectException: Connection refused: no further information
	at sun.nio.ch.SocketChannelImpl.checkConnect(Native Method)
	at sun.nio.ch.SocketChannelImpl.finishConnect(SocketChannelImpl.java:717)
	at io.netty.channel.socket.nio.NioSocketChannel.doFinishConnect(NioSocketChannel.java:330)
	at io.netty.channel.nio.AbstractNioChannel$AbstractNioUnsafe.finishConnect(AbstractNioChannel.java:334)
	at io.netty.channel.nio.NioEventLoop.processSelectedKey(NioEventLoop.java:702)
	at io.netty.channel.nio.NioEventLoop.processSelectedKeysOptimized(NioEventLoop.java:650)
	at io.netty.channel.nio.NioEventLoop.processSelectedKeys(NioEventLoop.java:576)
	at io.netty.channel.nio.NioEventLoop.run(NioEventLoop.java:493)
	at io.netty.util.concurrent.SingleThreadEventExecutor$4.run(SingleThreadEventExecutor.java:989)
	at io.netty.util.internal.ThreadExecutorMap$2.run(ThreadExecutorMap.java:74)
	at io.netty.util.concurrent.FastThreadLocalRunnable.run(FastThreadLocalRunnable.java:30)
	at java.lang.Thread.run(Thread.java:748)
2020-10-19 14:14:26,892 [main] INFO MainApplication - Starting MainApplication on DESKTOP-HE3N4PT with PID 18740 (E:\Java\middleware\server\target\classes started by Puppy_x in E:\Java\middleware)
2020-10-19 14:14:26,894 [main] DEBUG MainApplication - Running with Spring Boot v2.3.4.RELEASE, Spring v5.2.9.RELEASE
2020-10-19 14:14:26,895 [main] INFO MainApplication - No active profile set, falling back to default profiles: default
2020-10-19 14:14:27,306 [main] INFO RepositoryConfigurationDelegate - Multiple Spring Data modules found, entering strict repository configuration mode!
2020-10-19 14:14:27,307 [main] INFO RepositoryConfigurationDelegate - Bootstrapping Spring Data Redis repositories in DEFAULT mode.
2020-10-19 14:14:27,326 [main] INFO RepositoryConfigurationDelegate - Finished Spring Data repository scanning in 10ms. Found 0 Redis repository interfaces.
2020-10-19 14:14:27,634 [main] INFO TomcatWebServer - Tomcat initialized with port(s): 8001 (http)
2020-10-19 14:14:27,711 [main] INFO ServletWebServerApplicationContext - Root WebApplicationContext: initialization completed in 776 ms
2020-10-19 14:14:29,038 [main] INFO ThreadPoolTaskExecutor - Initializing ExecutorService 'applicationTaskExecutor'
2020-10-19 14:14:29,214 [main] INFO TomcatWebServer - Tomcat started on port(s): 8001 (http) with context path '/middleware'
2020-10-19 14:14:29,220 [main] INFO MainApplication - Started MainApplication in 2.6 seconds (JVM running for 3.681)
2020-10-19 14:14:30,096 [http-nio-8001-exec-1] INFO DispatcherServlet - Initializing Servlet 'dispatcherServlet'
2020-10-19 14:14:30,100 [http-nio-8001-exec-1] INFO DispatcherServlet - Completed initialization in 4 ms
2020-10-19 14:14:30,121 [http-nio-8001-exec-1] INFO CachePassController - getItem
2020-10-19 14:14:31,305 [http-nio-8001-exec-1] DEBUG selectOne - ==>  Preparing: SELECT id,code,name,create_time FROM item WHERE (code = ?) 
2020-10-19 14:14:31,316 [http-nio-8001-exec-1] DEBUG selectOne - ==> Parameters: book1(String)
2020-10-19 14:14:31,324 [http-nio-8001-exec-1] DEBUG selectOne - <==      Total: 1
2020-10-19 14:14:31,327 [http-nio-8001-exec-1] INFO CachePassServiceImpl - Get from mysql
2020-10-19 14:14:37,583 [http-nio-8001-exec-6] INFO CachePassController - getItem
2020-10-19 14:14:37,585 [http-nio-8001-exec-6] INFO CachePassServiceImpl - Get From redis
2020-10-19 14:14:41,283 [http-nio-8001-exec-2] INFO CachePassController - getItem
2020-10-19 14:14:41,285 [http-nio-8001-exec-2] INFO CachePassServiceImpl - Get From redis
2020-10-19 14:14:45,489 [http-nio-8001-exec-5] INFO CachePassController - getItem
2020-10-19 14:14:45,494 [http-nio-8001-exec-5] DEBUG selectOne - ==>  Preparing: SELECT id,code,name,create_time FROM item WHERE (code = ?) 
2020-10-19 14:14:45,494 [http-nio-8001-exec-5] DEBUG selectOne - ==> Parameters: boo(String)
2020-10-19 14:14:45,496 [http-nio-8001-exec-5] DEBUG selectOne - <==      Total: 0
2020-10-19 14:14:45,496 [http-nio-8001-exec-5] INFO CachePassServiceImpl - 
2020-10-19 14:14:47,978 [http-nio-8001-exec-4] INFO CachePassController - getItem
2020-10-19 14:14:47,979 [http-nio-8001-exec-4] INFO CachePassServiceImpl - Get From redis
2020-10-19 14:14:47,989 [http-nio-8001-exec-4] ERROR [dispatcherServlet] - Servlet.service() for servlet [dispatcherServlet] in context with path [/middleware] threw exception
com.fasterxml.jackson.databind.exc.MismatchedInputException: No content to map due to end-of-input
 at [Source: (String)""; line: 1, column: 0]
	at com.fasterxml.jackson.databind.exc.MismatchedInputException.from(MismatchedInputException.java:59)
	at com.fasterxml.jackson.databind.ObjectMapper._initForReading(ObjectMapper.java:4666)
	at com.fasterxml.jackson.databind.ObjectMapper._readMapAndClose(ObjectMapper.java:4511)
	at com.fasterxml.jackson.databind.ObjectMapper.readValue(ObjectMapper.java:3466)
	at com.fasterxml.jackson.databind.ObjectMapper.readValue(ObjectMapper.java:3434)
	at com.study.middleware.server.service.Impl.CachePassServiceImpl.getItemByCode(CachePassServiceImpl.java:45)
	at com.study.middleware.server.service.Impl.CachePassServiceImpl$$FastClassBySpringCGLIB$$106765f6.invoke(<generated>)
	at org.springframework.cglib.proxy.MethodProxy.invoke(MethodProxy.java:218)
	at org.springframework.aop.framework.CglibAopProxy$DynamicAdvisedInterceptor.intercept(CglibAopProxy.java:687)
	at com.study.middleware.server.service.Impl.CachePassServiceImpl$$EnhancerBySpringCGLIB$$3d84d73c.getItemByCode(<generated>)
	at com.study.middleware.server.controller.redis.CachePassController.getItem(CachePassController.java:29)
	at sun.reflect.NativeMethodAccessorImpl.invoke0(Native Method)
	at sun.reflect.NativeMethodAccessorImpl.invoke(NativeMethodAccessorImpl.java:62)
	at sun.reflect.DelegatingMethodAccessorImpl.invoke(DelegatingMethodAccessorImpl.java:43)
	at java.lang.reflect.Method.invoke(Method.java:498)
	at org.springframework.web.method.support.InvocableHandlerMethod.doInvoke(InvocableHandlerMethod.java:190)
	at org.springframework.web.method.support.InvocableHandlerMethod.invokeForRequest(InvocableHandlerMethod.java:138)
	at org.springframework.web.servlet.mvc.method.annotation.ServletInvocableHandlerMethod.invokeAndHandle(ServletInvocableHandlerMethod.java:105)
	at org.springframework.web.servlet.mvc.method.annotation.RequestMappingHandlerAdapter.invokeHandlerMethod(RequestMappingHandlerAdapter.java:878)
	at org.springframework.web.servlet.mvc.method.annotation.RequestMappingHandlerAdapter.handleInternal(RequestMappingHandlerAdapter.java:792)
	at org.springframework.web.servlet.mvc.method.AbstractHandlerMethodAdapter.handle(AbstractHandlerMethodAdapter.java:87)
	at org.springframework.web.servlet.DispatcherServlet.doDispatch(DispatcherServlet.java:1040)
	at org.springframework.web.servlet.DispatcherServlet.doService(DispatcherServlet.java:943)
	at org.springframework.web.servlet.FrameworkServlet.processRequest(FrameworkServlet.java:1006)
	at org.springframework.web.servlet.FrameworkServlet.doGet(FrameworkServlet.java:898)
	at javax.servlet.http.HttpServlet.service(HttpServlet.java:626)
	at org.springframework.web.servlet.FrameworkServlet.service(FrameworkServlet.java:883)
	at javax.servlet.http.HttpServlet.service(HttpServlet.java:733)
	at org.apache.catalina.core.ApplicationFilterChain.internalDoFilter(ApplicationFilterChain.java:231)
	at org.apache.catalina.core.ApplicationFilterChain.doFilter(ApplicationFilterChain.java:166)
	at org.apache.tomcat.websocket.server.WsFilter.doFilter(WsFilter.java:53)
	at org.apache.catalina.core.ApplicationFilterChain.internalDoFilter(ApplicationFilterChain.java:193)
	at org.apache.catalina.core.ApplicationFilterChain.doFilter(ApplicationFilterChain.java:166)
	at org.springframework.web.filter.RequestContextFilter.doFilterInternal(RequestContextFilter.java:100)
	at org.springframework.web.filter.OncePerRequestFilter.doFilter(OncePerRequestFilter.java:119)
	at org.apache.catalina.core.ApplicationFilterChain.internalDoFilter(ApplicationFilterChain.java:193)
	at org.apache.catalina.core.ApplicationFilterChain.doFilter(ApplicationFilterChain.java:166)
	at org.springframework.web.filter.FormContentFilter.doFilterInternal(FormContentFilter.java:93)
	at org.springframework.web.filter.OncePerRequestFilter.doFilter(OncePerRequestFilter.java:119)
	at org.apache.catalina.core.ApplicationFilterChain.internalDoFilter(ApplicationFilterChain.java:193)
	at org.apache.catalina.core.ApplicationFilterChain.doFilter(ApplicationFilterChain.java:166)
	at org.springframework.web.filter.CharacterEncodingFilter.doFilterInternal(CharacterEncodingFilter.java:201)
	at org.springframework.web.filter.OncePerRequestFilter.doFilter(OncePerRequestFilter.java:119)
	at org.apache.catalina.core.ApplicationFilterChain.internalDoFilter(ApplicationFilterChain.java:193)
	at org.apache.catalina.core.ApplicationFilterChain.doFilter(ApplicationFilterChain.java:166)
	at org.apache.catalina.core.StandardWrapperValve.invoke(StandardWrapperValve.java:202)
	at org.apache.catalina.core.StandardContextValve.invoke(StandardContextValve.java:97)
	at org.apache.catalina.authenticator.AuthenticatorBase.invoke(AuthenticatorBase.java:541)
	at org.apache.catalina.core.StandardHostValve.invoke(StandardHostValve.java:143)
	at org.apache.catalina.valves.ErrorReportValve.invoke(ErrorReportValve.java:92)
	at org.apache.catalina.core.StandardEngineValve.invoke(StandardEngineValve.java:78)
	at org.apache.catalina.connector.CoyoteAdapter.service(CoyoteAdapter.java:343)
	at org.apache.coyote.http11.Http11Processor.service(Http11Processor.java:374)
	at org.apache.coyote.AbstractProcessorLight.process(AbstractProcessorLight.java:65)
	at org.apache.coyote.AbstractProtocol$ConnectionHandler.process(AbstractProtocol.java:868)
	at org.apache.tomcat.util.net.NioEndpoint$SocketProcessor.doRun(NioEndpoint.java:1590)
	at org.apache.tomcat.util.net.SocketProcessorBase.run(SocketProcessorBase.java:49)
	at java.util.concurrent.ThreadPoolExecutor.runWorker(ThreadPoolExecutor.java:1149)
	at java.util.concurrent.ThreadPoolExecutor$Worker.run(ThreadPoolExecutor.java:624)
	at org.apache.tomcat.util.threads.TaskThread$WrappingRunnable.run(TaskThread.java:61)
	at java.lang.Thread.run(Thread.java:748)
2020-10-19 14:14:58,493 [http-nio-8001-exec-8] INFO CachePassController - getItem
2020-10-19 14:14:58,494 [http-nio-8001-exec-8] INFO CachePassServiceImpl - Get From redis
2020-10-19 14:14:58,496 [http-nio-8001-exec-8] ERROR [dispatcherServlet] - Servlet.service() for servlet [dispatcherServlet] in context with path [/middleware] threw exception
com.fasterxml.jackson.databind.exc.MismatchedInputException: No content to map due to end-of-input
 at [Source: (String)""; line: 1, column: 0]
	at com.fasterxml.jackson.databind.exc.MismatchedInputException.from(MismatchedInputException.java:59)
	at com.fasterxml.jackson.databind.ObjectMapper._initForReading(ObjectMapper.java:4666)
	at com.fasterxml.jackson.databind.ObjectMapper._readMapAndClose(ObjectMapper.java:4511)
	at com.fasterxml.jackson.databind.ObjectMapper.readValue(ObjectMapper.java:3466)
	at com.fasterxml.jackson.databind.ObjectMapper.readValue(ObjectMapper.java:3434)
	at com.study.middleware.server.service.Impl.CachePassServiceImpl.getItemByCode(CachePassServiceImpl.java:45)
	at com.study.middleware.server.service.Impl.CachePassServiceImpl$$FastClassBySpringCGLIB$$106765f6.invoke(<generated>)
	at org.springframework.cglib.proxy.MethodProxy.invoke(MethodProxy.java:218)
	at org.springframework.aop.framework.CglibAopProxy$DynamicAdvisedInterceptor.intercept(CglibAopProxy.java:687)
	at com.study.middleware.server.service.Impl.CachePassServiceImpl$$EnhancerBySpringCGLIB$$3d84d73c.getItemByCode(<generated>)
	at com.study.middleware.server.controller.redis.CachePassController.getItem(CachePassController.java:29)
	at sun.reflect.NativeMethodAccessorImpl.invoke0(Native Method)
	at sun.reflect.NativeMethodAccessorImpl.invoke(NativeMethodAccessorImpl.java:62)
	at sun.reflect.DelegatingMethodAccessorImpl.invoke(DelegatingMethodAccessorImpl.java:43)
	at java.lang.reflect.Method.invoke(Method.java:498)
	at org.springframework.web.method.support.InvocableHandlerMethod.doInvoke(InvocableHandlerMethod.java:190)
	at org.springframework.web.method.support.InvocableHandlerMethod.invokeForRequest(InvocableHandlerMethod.java:138)
	at org.springframework.web.servlet.mvc.method.annotation.ServletInvocableHandlerMethod.invokeAndHandle(ServletInvocableHandlerMethod.java:105)
	at org.springframework.web.servlet.mvc.method.annotation.RequestMappingHandlerAdapter.invokeHandlerMethod(RequestMappingHandlerAdapter.java:878)
	at org.springframework.web.servlet.mvc.method.annotation.RequestMappingHandlerAdapter.handleInternal(RequestMappingHandlerAdapter.java:792)
	at org.springframework.web.servlet.mvc.method.AbstractHandlerMethodAdapter.handle(AbstractHandlerMethodAdapter.java:87)
	at org.springframework.web.servlet.DispatcherServlet.doDispatch(DispatcherServlet.java:1040)
	at org.springframework.web.servlet.DispatcherServlet.doService(DispatcherServlet.java:943)
	at org.springframework.web.servlet.FrameworkServlet.processRequest(FrameworkServlet.java:1006)
	at org.springframework.web.servlet.FrameworkServlet.doGet(FrameworkServlet.java:898)
	at javax.servlet.http.HttpServlet.service(HttpServlet.java:626)
	at org.springframework.web.servlet.FrameworkServlet.service(FrameworkServlet.java:883)
	at javax.servlet.http.HttpServlet.service(HttpServlet.java:733)
	at org.apache.catalina.core.ApplicationFilterChain.internalDoFilter(ApplicationFilterChain.java:231)
	at org.apache.catalina.core.ApplicationFilterChain.doFilter(ApplicationFilterChain.java:166)
	at org.apache.tomcat.websocket.server.WsFilter.doFilter(WsFilter.java:53)
	at org.apache.catalina.core.ApplicationFilterChain.internalDoFilter(ApplicationFilterChain.java:193)
	at org.apache.catalina.core.ApplicationFilterChain.doFilter(ApplicationFilterChain.java:166)
	at org.springframework.web.filter.RequestContextFilter.doFilterInternal(RequestContextFilter.java:100)
	at org.springframework.web.filter.OncePerRequestFilter.doFilter(OncePerRequestFilter.java:119)
	at org.apache.catalina.core.ApplicationFilterChain.internalDoFilter(ApplicationFilterChain.java:193)
	at org.apache.catalina.core.ApplicationFilterChain.doFilter(ApplicationFilterChain.java:166)
	at org.springframework.web.filter.FormContentFilter.doFilterInternal(FormContentFilter.java:93)
	at org.springframework.web.filter.OncePerRequestFilter.doFilter(OncePerRequestFilter.java:119)
	at org.apache.catalina.core.ApplicationFilterChain.internalDoFilter(ApplicationFilterChain.java:193)
	at org.apache.catalina.core.ApplicationFilterChain.doFilter(ApplicationFilterChain.java:166)
	at org.springframework.web.filter.CharacterEncodingFilter.doFilterInternal(CharacterEncodingFilter.java:201)
	at org.springframework.web.filter.OncePerRequestFilter.doFilter(OncePerRequestFilter.java:119)
	at org.apache.catalina.core.ApplicationFilterChain.internalDoFilter(ApplicationFilterChain.java:193)
	at org.apache.catalina.core.ApplicationFilterChain.doFilter(ApplicationFilterChain.java:166)
	at org.apache.catalina.core.StandardWrapperValve.invoke(StandardWrapperValve.java:202)
	at org.apache.catalina.core.StandardContextValve.invoke(StandardContextValve.java:97)
	at org.apache.catalina.authenticator.AuthenticatorBase.invoke(AuthenticatorBase.java:541)
	at org.apache.catalina.core.StandardHostValve.invoke(StandardHostValve.java:143)
	at org.apache.catalina.valves.ErrorReportValve.invoke(ErrorReportValve.java:92)
	at org.apache.catalina.core.StandardEngineValve.invoke(StandardEngineValve.java:78)
	at org.apache.catalina.connector.CoyoteAdapter.service(CoyoteAdapter.java:343)
	at org.apache.coyote.http11.Http11Processor.service(Http11Processor.java:374)
	at org.apache.coyote.AbstractProcessorLight.process(AbstractProcessorLight.java:65)
	at org.apache.coyote.AbstractProtocol$ConnectionHandler.process(AbstractProtocol.java:868)
	at org.apache.tomcat.util.net.NioEndpoint$SocketProcessor.doRun(NioEndpoint.java:1590)
	at org.apache.tomcat.util.net.SocketProcessorBase.run(SocketProcessorBase.java:49)
	at java.util.concurrent.ThreadPoolExecutor.runWorker(ThreadPoolExecutor.java:1149)
	at java.util.concurrent.ThreadPoolExecutor$Worker.run(ThreadPoolExecutor.java:624)
	at org.apache.tomcat.util.threads.TaskThread$WrappingRunnable.run(TaskThread.java:61)
	at java.lang.Thread.run(Thread.java:748)
2020-10-19 14:16:05,961 [main] INFO MainApplication - Starting MainApplication on DESKTOP-HE3N4PT with PID 22392 (E:\Java\middleware\server\target\classes started by Puppy_x in E:\Java\middleware)
2020-10-19 14:16:05,964 [main] DEBUG MainApplication - Running with Spring Boot v2.3.4.RELEASE, Spring v5.2.9.RELEASE
2020-10-19 14:16:05,964 [main] INFO MainApplication - No active profile set, falling back to default profiles: default
2020-10-19 14:16:06,376 [main] INFO RepositoryConfigurationDelegate - Multiple Spring Data modules found, entering strict repository configuration mode!
2020-10-19 14:16:06,378 [main] INFO RepositoryConfigurationDelegate - Bootstrapping Spring Data Redis repositories in DEFAULT mode.
2020-10-19 14:16:06,399 [main] INFO RepositoryConfigurationDelegate - Finished Spring Data repository scanning in 11ms. Found 0 Redis repository interfaces.
2020-10-19 14:16:06,710 [main] INFO TomcatWebServer - Tomcat initialized with port(s): 8001 (http)
2020-10-19 14:16:06,789 [main] INFO ServletWebServerApplicationContext - Root WebApplicationContext: initialization completed in 787 ms
2020-10-19 14:16:08,148 [main] INFO ThreadPoolTaskExecutor - Initializing ExecutorService 'applicationTaskExecutor'
2020-10-19 14:16:08,340 [main] INFO TomcatWebServer - Tomcat started on port(s): 8001 (http) with context path '/middleware'
2020-10-19 14:16:08,347 [main] INFO MainApplication - Started MainApplication in 2.671 seconds (JVM running for 3.74)
2020-10-19 14:16:08,488 [http-nio-8001-exec-1] INFO DispatcherServlet - Initializing Servlet 'dispatcherServlet'
2020-10-19 14:16:08,494 [http-nio-8001-exec-1] INFO DispatcherServlet - Completed initialization in 6 ms
2020-10-19 14:16:08,515 [http-nio-8001-exec-1] INFO CachePassController - getItem
2020-10-19 14:16:09,928 [http-nio-8001-exec-1] DEBUG selectOne - ==>  Preparing: SELECT id,code,name,create_time FROM item WHERE (code = ?) 
2020-10-19 14:16:09,940 [http-nio-8001-exec-1] DEBUG selectOne - ==> Parameters: boo(String)
2020-10-19 14:16:09,948 [http-nio-8001-exec-1] DEBUG selectOne - <==      Total: 0
2020-10-19 14:16:09,951 [http-nio-8001-exec-1] INFO CachePassServiceImpl - 
2020-10-19 14:16:18,537 [http-nio-8001-exec-5] INFO CachePassController - getItem
2020-10-19 14:16:18,539 [http-nio-8001-exec-5] INFO CachePassServiceImpl - Get From redis
2020-10-19 14:16:20,027 [http-nio-8001-exec-7] INFO CachePassController - getItem
2020-10-19 14:16:20,028 [http-nio-8001-exec-7] INFO CachePassServiceImpl - Get From redis
